#
# There is insufficient memory for the Java Runtime Environment to continue.
# Native memory allocation (mmap) failed to map 264241152 bytes for G1 virtual space
# Possible reasons:
#   The system is out of physical RAM or swap space
#   The process is running with CompressedOops enabled, and the Java Heap may be blocking the growth of the native heap
# Possible solutions:
#   Reduce memory load on the system
#   Increase physical memory or swap space
#   Check if swap backing store is full
#   Decrease Java heap size (-Xmx/-Xms)
#   Decrease number of Java threads
#   Decrease Java thread stack sizes (-Xss)
#   Set larger code cache with -XX:ReservedCodeCacheSize=
#   JVM is running with Zero Based Compressed Oops mode in which the Java heap is
#     placed in the first 32GB address space. The Java Heap base address is the
#     maximum limit for the native heap growth. Please use -XX:HeapBaseMinAddress
#     to set the Java Heap base and to place the Java Heap above 32GB virtual address.
# This output file may be truncated or incomplete.
#
#  Out of Memory Error (os_windows.cpp:3550), pid=20516, tid=11532
#
# JRE version:  (17.0.8+9) (build )
# Java VM: Java HotSpot(TM) 64-Bit Server VM (17.0.8+9-LTS-211, mixed mode, sharing, tiered, compressed oops, compressed class ptrs, g1 gc, windows-amd64)
# No core dump will be written. Minidumps are not enabled by default on client versions of Windows
#

---------------  S U M M A R Y ------------

Command Line: -Dnet.bytebuddy.agent.attacher.dump= net.bytebuddy.agent.Attacher com.sun.tools.attach.VirtualMachine 25880 C:\Users\asus\.m2\repository\net\bytebuddy\byte-buddy-agent\1.14.6\byte-buddy-agent-1.14.6.jar false 

Host: 11th Gen Intel(R) Core(TM) i7-1165G7 @ 2.80GHz, 8 cores, 15G,  Windows 11 , 64 bit Build 22621 (10.0.22621.2070)
Time: Sun Oct 15 05:52:35 2023 Sri Lanka Standard Time elapsed time: 0.010223 seconds (0d 0h 0m 0s)

---------------  T H R E A D  ---------------

Current thread (0x000001d8d273b050):  JavaThread "Unknown thread" [_thread_in_vm, id=11532, stack(0x00000065fe900000,0x00000065fea00000)]

Stack: [0x00000065fe900000,0x00000065fea00000]
Native frames: (J=compiled Java code, j=interpreted, Vv=VM code, C=native code)
V  [jvm.dll+0x677d0a]
V  [jvm.dll+0x7d8c54]
V  [jvm.dll+0x7da3fe]
V  [jvm.dll+0x7daa63]
V  [jvm.dll+0x245c5f]
V  [jvm.dll+0x674bb9]
V  [jvm.dll+0x6694f2]
V  [jvm.dll+0x3031d6]
V  [jvm.dll+0x30a756]
V  [jvm.dll+0x359f9e]
V  [jvm.dll+0x35a1cf]
V  [jvm.dll+0x2da3e8]
V  [jvm.dll+0x2db354]
V  [jvm.dll+0x7aa711]
V  [jvm.dll+0x367b51]
V  [jvm.dll+0x789979]
V  [jvm.dll+0x3eb05f]
V  [jvm.dll+0x3ecae1]
C  [jli.dll+0x5297]
C  [ucrtbase.dll+0x29363]
C  [KERNEL32.DLL+0x126ad]
C  [ntdll.dll+0x5aa68]


---------------  P R O C E S S  ---------------

Threads class SMR info:
_java_thread_list=0x00007ffa8e5959d8, length=0, elements={
}

Java Threads: ( => current thread )

Other Threads:
  0x000001d8d27a4700 GCTaskThread "GC Thread#0" [stack: 0x00000065fea00000,0x00000065feb00000] [id=17852]
  0x000001d8d27b5180 ConcurrentGCThread "G1 Main Marker" [stack: 0x00000065feb00000,0x00000065fec00000] [id=31956]
  0x000001d8d27b5cf0 ConcurrentGCThread "G1 Conc#0" [stack: 0x00000065fec00000,0x00000065fed00000] [id=34544]

[error occurred during error reporting (printing all threads), id 0xc0000005, EXCEPTION_ACCESS_VIOLATION (0xc0000005) at pc=0x00007ffa8ddcb047]

VM state: not at safepoint (not fully initialized)

VM Mutex/Monitor currently owned by a thread:  ([mutex/lock_event])
[0x000001d8d2738760] Heap_lock - owner thread: 0x000001d8d273b050

Heap address: 0x0000000704c00000, size: 4020 MB, Compressed Oops mode: Zero based, Oop shift amount: 3

CDS archive(s) mapped at: [0x0000000000000000-0x0000000000000000-0x0000000000000000), size 0, SharedBaseAddress: 0x0000000800000000, ArchiveRelocationMode: 1.
Narrow klass base: 0x0000000000000000, Narrow klass shift: 0, Narrow klass range: 0x0

GC Precious Log:
<Empty>

Heap:
 garbage-first heap   total 0K, used 0K [0x0000000704c00000, 0x0000000800000000)
  region size 2048K, 0 young (0K), 0 survivors (0K)

[error occurred during error reporting (printing heap information), id 0xc0000005, EXCEPTION_ACCESS_VIOLATION (0xc0000005) at pc=0x00007ffa8e1b1499]

GC Heap History (0 events):
No events

Deoptimization events (0 events):
No events

Classes unloaded (0 events):
No events

Classes redefined (0 events):
No events

Internal exceptions (0 events):
No events

VM Operations (0 events):
No events

Events (1 events):
Event: 0.007 Loaded shared library C:\Program Files\Java\jdk-17\bin\java.dll


Dynamic libraries:
0x00007ff6420b0000 - 0x00007ff6420c0000 	C:\Program Files\Java\jdk-17\bin\java.exe
0x00007ffae6730000 - 0x00007ffae6944000 	C:\WINDOWS\SYSTEM32\ntdll.dll
0x00007ffae4bc0000 - 0x00007ffae4c84000 	C:\WINDOWS\System32\KERNEL32.DLL
0x00007ffae3c30000 - 0x00007ffae3fd4000 	C:\WINDOWS\System32\KERNELBASE.dll
0x00007ffae4080000 - 0x00007ffae4191000 	C:\WINDOWS\System32\ucrtbase.dll
0x00007fface8d0000 - 0x00007fface8eb000 	C:\Program Files\Java\jdk-17\bin\VCRUNTIME140.dll
0x00007fface050000 - 0x00007fface069000 	C:\Program Files\Java\jdk-17\bin\jli.dll
0x00007ffae4ca0000 - 0x00007ffae4d50000 	C:\WINDOWS\System32\ADVAPI32.dll
0x00007ffae46d0000 - 0x00007ffae4777000 	C:\WINDOWS\System32\msvcrt.dll
0x00007ffae4b10000 - 0x00007ffae4bb6000 	C:\WINDOWS\System32\sechost.dll
0x00007ffae44f0000 - 0x00007ffae4607000 	C:\WINDOWS\System32\RPCRT4.dll
0x00007ffae4d50000 - 0x00007ffae4efa000 	C:\WINDOWS\System32\USER32.dll
0x00007ffae4050000 - 0x00007ffae4076000 	C:\WINDOWS\System32\win32u.dll
0x00007ffad15b0000 - 0x00007ffad183f000 	C:\WINDOWS\WinSxS\amd64_microsoft.windows.common-controls_6595b64144ccf1df_6.0.22621.2070_none_2713e6537381f706\COMCTL32.dll
0x00007ffae59a0000 - 0x00007ffae59c9000 	C:\WINDOWS\System32\GDI32.dll
0x00007ffae3b10000 - 0x00007ffae3c29000 	C:\WINDOWS\System32\gdi32full.dll
0x00007ffae43d0000 - 0x00007ffae446a000 	C:\WINDOWS\System32\msvcp_win.dll
0x00007ffad1f50000 - 0x00007ffad1f5a000 	C:\WINDOWS\SYSTEM32\VERSION.dll
0x00007ffae5950000 - 0x00007ffae5981000 	C:\WINDOWS\System32\IMM32.DLL
0x00007ffade090000 - 0x00007ffade09c000 	C:\Program Files\Java\jdk-17\bin\vcruntime140_1.dll
0x00007ffaad1d0000 - 0x00007ffaad25e000 	C:\Program Files\Java\jdk-17\bin\msvcp140.dll
0x00007ffa8dae0000 - 0x00007ffa8e6be000 	C:\Program Files\Java\jdk-17\bin\server\jvm.dll
0x00007ffae5c10000 - 0x00007ffae5c18000 	C:\WINDOWS\System32\PSAPI.DLL
0x00007ffad87a0000 - 0x00007ffad87d4000 	C:\WINDOWS\SYSTEM32\WINMM.dll
0x00007ffac01d0000 - 0x00007ffac01d9000 	C:\WINDOWS\SYSTEM32\WSOCK32.dll
0x00007ffae4610000 - 0x00007ffae4681000 	C:\WINDOWS\System32\WS2_32.dll
0x00007ffae2c40000 - 0x00007ffae2c58000 	C:\WINDOWS\SYSTEM32\kernel.appcore.dll
0x00007ffaddfc0000 - 0x00007ffaddfca000 	C:\Program Files\Java\jdk-17\bin\jimage.dll
0x00007ffae0ef0000 - 0x00007ffae111e000 	C:\WINDOWS\SYSTEM32\DBGHELP.DLL
0x00007ffae4780000 - 0x00007ffae4b0a000 	C:\WINDOWS\System32\combase.dll
0x00007ffae4f00000 - 0x00007ffae4fd7000 	C:\WINDOWS\System32\OLEAUT32.dll
0x00007ffacfe50000 - 0x00007ffacfe82000 	C:\WINDOWS\SYSTEM32\dbgcore.DLL
0x00007ffae4470000 - 0x00007ffae44ea000 	C:\WINDOWS\System32\bcryptPrimitives.dll
0x00007ffaccc60000 - 0x00007ffaccc85000 	C:\Program Files\Java\jdk-17\bin\java.dll

dbghelp: loaded successfully - version: 4.0.5 - missing functions: none
symbol engine: initialized successfully - sym options: 0x614 - pdb path: .;C:\Program Files\Java\jdk-17\bin;C:\WINDOWS\SYSTEM32;C:\WINDOWS\WinSxS\amd64_microsoft.windows.common-controls_6595b64144ccf1df_6.0.22621.2070_none_2713e6537381f706;C:\Program Files\Java\jdk-17\bin\server

VM Arguments:
jvm_args: -Dnet.bytebuddy.agent.attacher.dump= 
java_command: net.bytebuddy.agent.Attacher com.sun.tools.attach.VirtualMachine 25880 C:\Users\asus\.m2\repository\net\bytebuddy\byte-buddy-agent\1.14.6\byte-buddy-agent-1.14.6.jar false 
java_class_path (initial): C:\Users\asus\.m2\repository\net\bytebuddy\byte-buddy-agent\1.14.6\byte-buddy-agent-1.14.6.jar
Launcher Type: SUN_STANDARD

[Global flags]
     intx CICompilerCount                          = 4                                         {product} {ergonomic}
     uint ConcGCThreads                            = 2                                         {product} {ergonomic}
     uint G1ConcRefinementThreads                  = 8                                         {product} {ergonomic}
   size_t G1HeapRegionSize                         = 2097152                                   {product} {ergonomic}
    uintx GCDrainStackTargetSize                   = 64                                        {product} {ergonomic}
   size_t InitialHeapSize                          = 264241152                                 {product} {ergonomic}
   size_t MarkStackSize                            = 4194304                                   {product} {ergonomic}
   size_t MaxHeapSize                              = 4215275520                                {product} {ergonomic}
   size_t MinHeapDeltaBytes                        = 2097152                                   {product} {ergonomic}
   size_t MinHeapSize                              = 8388608                                   {product} {ergonomic}
    uintx NonNMethodCodeHeapSize                   = 5839372                                {pd product} {ergonomic}
    uintx NonProfiledCodeHeapSize                  = 122909434                              {pd product} {ergonomic}
    uintx ProfiledCodeHeapSize                     = 122909434                              {pd product} {ergonomic}
    uintx ReservedCodeCacheSize                    = 251658240                              {pd product} {ergonomic}
     bool SegmentedCodeCache                       = true                                      {product} {ergonomic}
   size_t SoftMaxHeapSize                          = 4215275520                             {manageable} {ergonomic}
     bool UseCompressedClassPointers               = true                           {product lp64_product} {ergonomic}
     bool UseCompressedOops                        = true                           {product lp64_product} {ergonomic}
     bool UseG1GC                                  = true                                      {product} {ergonomic}
     bool UseLargePagesIndividualAllocation        = false                                  {pd product} {ergonomic}

Logging:
Log output configuration:
 #0: stdout all=warning uptime,level,tags
 #1: stderr all=off uptime,level,tags

Environment Variables:
JAVA_HOME=C:\Program Files\Java\jdk-17
PATH=C:\Python311\Scripts\;C:\Python311\;C:\Program Files\Common Files\Oracle\Java\javapath;C:\Windows\system32;C:\Windows;C:\Windows\System32\Wbem;C:\Windows\System32\WindowsPowerShell\v1.0\;C:\Windows\System32\OpenSSH\;C:\Program Files (x86)\NVIDIA Corporation\PhysX\Common;C:\WINDOWS\system32;C:\WINDOWS;C:\WINDOWS\System32\Wbem;C:\WINDOWS\System32\WindowsPowerShell\v1.0\;C:\WINDOWS\System32\OpenSSH\;D:\New folder\runtime\win64;D:\New folder\bin;D:\New folder\polyspace\bin;C:\MinGW\bin;C:\ProgramData\chocolatey\bin;C:\Program Files\Git\cmd;C:\apache-maven-3.8.6\bin;C:\Program Files\MySQL\MySQL Server 8.0\bin;C:\Program Files\Java\jdk-17\bin;C:\Program Files (x86)\Microsoft SQL Server\100\Tools\Binn\VSShell\Common7\IDE\;C:\Program Files (x86)\Microsoft SQL Server\100\Tools\Binn\;C:\Program Files\Microsoft SQL Server\100\Tools\Binn\;C:\Program Files (x86)\Microsoft SQL Server\100\DTS\Binn\;C:\Program Files\nodejs\;C:\Python311\new\Scripts;C:\Python311\new;D:\image processing\cv;D:\image processing\cv\Scripts;C:\Program Files\MySQL\MySQL Shell 8.0\bin\;C:\Users\asus\AppData\Local\Programs\Python\Python36\Scripts\;C:\Users\asus\AppData\Local\Programs\Python\Python36\;C:\Users\asus\AppData\Local\Microsoft\WindowsApps;C:\Program Files\JetBrains\PyCharm Community Edition 2021.2\bin;;C:\Users\asus\AppData\Local\Programs\Microsoft VS Code\bin;C:\mingw32\bin;C:\Python311;C:\Program Files\Java\jdk-17\bin;C:\Users\asus\AppData\Roaming\npm
USERNAME=asus
OS=Windows_NT
PROCESSOR_IDENTIFIER=Intel64 Family 6 Model 140 Stepping 1, GenuineIntel



---------------  S Y S T E M  ---------------

OS:
 Windows 11 , 64 bit Build 22621 (10.0.22621.2070)
OS uptime: 5 days 16:18 hours

CPU: total 8 (initial active 8) (4 cores per cpu, 2 threads per core) family 6 model 140 stepping 1 microcode 0x86, cx8, cmov, fxsr, ht, mmx, 3dnowpref, sse, sse2, sse3, ssse3, sse4.1, sse4.2, popcnt, lzcnt, tsc, tscinvbit, avx, avx2, aes, erms, clmul, bmi1, bmi2, adx, avx512f, avx512dq, avx512cd, avx512bw, avx512vl, sha, fma, vzeroupper, avx512_vpopcntdq, avx512_vpclmulqdq, avx512_vaes, avx512_vnni, clflush, clflushopt, clwb, avx512_vbmi2, avx512_vbmi

Memory: 4k page, system-wide physical 16075M (3015M free)
TotalPageFile size 22178M (AvailPageFile size 164M)
current process WorkingSet (physical memory assigned to process): 11M, peak: 11M
current process commit charge ("private bytes"): 60M, peak: 312M

vm_info: Java HotSpot(TM) 64-Bit Server VM (17.0.8+9-LTS-211) for windows-amd64 JRE (17.0.8+9-LTS-211), built on Jun 14 2023 10:34:31 by "mach5one" with MS VC++ 17.1 (VS2022)

END.
