#
# There is insufficient memory for the Java Runtime Environment to continue.
# Native memory allocation (malloc) failed to allocate 555472 bytes for Chunk::new
# Possible reasons:
#   The system is out of physical RAM or swap space
#   The process is running with CompressedOops enabled, and the Java Heap may be blocking the growth of the native heap
# Possible solutions:
#   Reduce memory load on the system
#   Increase physical memory or swap space
#   Check if swap backing store is full
#   Decrease Java heap size (-Xmx/-Xms)
#   Decrease number of Java threads
#   Decrease Java thread stack sizes (-Xss)
#   Set larger code cache with -XX:ReservedCodeCacheSize=
#   JVM is running with Zero Based Compressed Oops mode in which the Java heap is
#     placed in the first 32GB address space. The Java Heap base address is the
#     maximum limit for the native heap growth. Please use -XX:HeapBaseMinAddress
#     to set the Java Heap base and to place the Java Heap above 32GB virtual address.
# This output file may be truncated or incomplete.
#
#  Out of Memory Error (arena.cpp:189), pid=36908, tid=42608
#
# JRE version: Java(TM) SE Runtime Environment (17.0.8+9) (build 17.0.8+9-LTS-211)
# Java VM: Java HotSpot(TM) 64-Bit Server VM (17.0.8+9-LTS-211, mixed mode, sharing, tiered, compressed oops, compressed class ptrs, g1 gc, windows-amd64)
# No core dump will be written. Minidumps are not enabled by default on client versions of Windows
#

---------------  S U M M A R Y ------------

Command Line: -javaagent:C:\Program Files\JetBrains\IntelliJ IDEA Community Edition 2021.3.3\lib\idea_rt.jar=64548:C:\Program Files\JetBrains\IntelliJ IDEA Community Edition 2021.3.3\bin -Dfile.encoding=UTF-8 com.SupermarketPOS.Backend.BackendApplication

Host: 11th Gen Intel(R) Core(TM) i7-1165G7 @ 2.80GHz, 8 cores, 15G,  Windows 11 , 64 bit Build 22621 (10.0.22621.2070)
Time: Sat Sep  9 13:26:20 2023 Sri Lanka Standard Time elapsed time: 1.239151 seconds (0d 0h 0m 1s)

---------------  T H R E A D  ---------------

Current thread (0x00000292a75511a0):  JavaThread "C2 CompilerThread2" daemon [_thread_in_native, id=42608, stack(0x000000ae53f00000,0x000000ae54000000)]


Current CompileTask:
C2:   1239 2201       4       jdk.internal.module.SystemModuleFinders$SystemModuleReader::containsImageLocation (42 bytes)

Stack: [0x000000ae53f00000,0x000000ae54000000]
Native frames: (J=compiled Java code, j=interpreted, Vv=VM code, C=native code)
V  [jvm.dll+0x677d0a]
V  [jvm.dll+0x7d8c54]
V  [jvm.dll+0x7da3fe]
V  [jvm.dll+0x7daa63]
V  [jvm.dll+0x245c5f]
V  [jvm.dll+0xaaa6b]
V  [jvm.dll+0xab00c]
V  [jvm.dll+0x361e8e]
V  [jvm.dll+0x1bb87a]
V  [jvm.dll+0x218157]
V  [jvm.dll+0x217431]
V  [jvm.dll+0x1a3af0]
V  [jvm.dll+0x2270be]
V  [jvm.dll+0x22535b]
V  [jvm.dll+0x78e7bc]
V  [jvm.dll+0x788bba]
V  [jvm.dll+0x676b35]
C  [ucrtbase.dll+0x29363]
C  [KERNEL32.DLL+0x126ad]
C  [ntdll.dll+0x5aa68]


---------------  P R O C E S S  ---------------

Threads class SMR info:
_java_thread_list=0x00000292a861a9f0, length=16, elements={
0x000002923e3cdb70, 0x0000029260f31750, 0x0000029260f32300, 0x0000029260f45760,
0x0000029260f46310, 0x0000029260f492e0, 0x0000029260f4a4b0, 0x0000029260f4b650,
0x00000292a61011c0, 0x00000292a61150d0, 0x0000029260f1e280, 0x00000292a6280f50,
0x00000292a6480980, 0x00000292a6480e50, 0x00000292a6d840a0, 0x00000292a75511a0
}

Java Threads: ( => current thread )
  0x000002923e3cdb70 JavaThread "main" [_thread_in_native, id=37120, stack(0x000000ae52200000,0x000000ae52300000)]
  0x0000029260f31750 JavaThread "Reference Handler" daemon [_thread_blocked, id=7032, stack(0x000000ae52900000,0x000000ae52a00000)]
  0x0000029260f32300 JavaThread "Finalizer" daemon [_thread_blocked, id=19236, stack(0x000000ae52a00000,0x000000ae52b00000)]
  0x0000029260f45760 JavaThread "Signal Dispatcher" daemon [_thread_blocked, id=15332, stack(0x000000ae52b00000,0x000000ae52c00000)]
  0x0000029260f46310 JavaThread "Attach Listener" daemon [_thread_blocked, id=21232, stack(0x000000ae52c00000,0x000000ae52d00000)]
  0x0000029260f492e0 JavaThread "Service Thread" daemon [_thread_blocked, id=27688, stack(0x000000ae52d00000,0x000000ae52e00000)]
  0x0000029260f4a4b0 JavaThread "Monitor Deflation Thread" daemon [_thread_blocked, id=20928, stack(0x000000ae52e00000,0x000000ae52f00000)]
  0x0000029260f4b650 JavaThread "C2 CompilerThread0" daemon [_thread_in_native, id=8720, stack(0x000000ae52f00000,0x000000ae53000000)]
  0x00000292a61011c0 JavaThread "C1 CompilerThread0" daemon [_thread_in_vm, id=30236, stack(0x000000ae53000000,0x000000ae53100000)]
  0x00000292a61150d0 JavaThread "Sweeper thread" daemon [_thread_blocked, id=22936, stack(0x000000ae53100000,0x000000ae53200000)]
  0x0000029260f1e280 JavaThread "Common-Cleaner" daemon [_thread_blocked, id=32872, stack(0x000000ae53200000,0x000000ae53300000)]
  0x00000292a6280f50 JavaThread "C2 CompilerThread1" daemon [_thread_in_native, id=19920, stack(0x000000ae53300000,0x000000ae53400000)]
  0x00000292a6480980 JavaThread "Monitor Ctrl-Break" daemon [_thread_in_native, id=24016, stack(0x000000ae53400000,0x000000ae53500000)]
  0x00000292a6480e50 JavaThread "Notification Thread" daemon [_thread_blocked, id=46044, stack(0x000000ae53500000,0x000000ae53600000)]
  0x00000292a6d840a0 JavaThread "background-preinit" [_thread_in_vm, id=33788, stack(0x000000ae53c00000,0x000000ae53d00000)]
=>0x00000292a75511a0 JavaThread "C2 CompilerThread2" daemon [_thread_in_native, id=42608, stack(0x000000ae53f00000,0x000000ae54000000)]

Other Threads:
  0x0000029260f2ccb0 VMThread "VM Thread" [stack: 0x000000ae52800000,0x000000ae52900000] [id=42268]
  0x000002923e45eb60 WatcherThread [stack: 0x000000ae53600000,0x000000ae53700000] [id=39772]
  0x000002923e438840 GCTaskThread "GC Thread#0" [stack: 0x000000ae52300000,0x000000ae52400000] [id=19680]
  0x00000292a6de1e50 GCTaskThread "GC Thread#1" [stack: 0x000000ae53700000,0x000000ae53800000] [id=40052]
  0x00000292a6ac09e0 GCTaskThread "GC Thread#2" [stack: 0x000000ae53800000,0x000000ae53900000] [id=3592]
  0x00000292a6ac10a0 GCTaskThread "GC Thread#3" [stack: 0x000000ae53900000,0x000000ae53a00000] [id=32480]
  0x00000292a6cda450 GCTaskThread "GC Thread#4" [stack: 0x000000ae53a00000,0x000000ae53b00000] [id=42416]
  0x00000292a6cda700 GCTaskThread "GC Thread#5" [stack: 0x000000ae53b00000,0x000000ae53c00000] [id=21556]
  0x00000292a6f6a060 GCTaskThread "GC Thread#6" [stack: 0x000000ae53d00000,0x000000ae53e00000] [id=21016]
  0x00000292a76f6870 GCTaskThread "GC Thread#7" [stack: 0x000000ae53e00000,0x000000ae53f00000] [id=22872]
  0x000002923e449420 ConcurrentGCThread "G1 Main Marker" [stack: 0x000000ae52400000,0x000000ae52500000] [id=32408]
  0x000002923e44a5d0 ConcurrentGCThread "G1 Conc#0" [stack: 0x000000ae52500000,0x000000ae52600000] [id=21480]
  0x000002923e48e440 ConcurrentGCThread "G1 Refine#0" [stack: 0x000000ae52600000,0x000000ae52700000] [id=44900]
  0x0000029260de7520 ConcurrentGCThread "G1 Service" [stack: 0x000000ae52700000,0x000000ae52800000] [id=39988]

Threads with active compile tasks:
C2 CompilerThread0     1256 2203       4       jdk.internal.jimage.BasicImageReader::verifyLocation (39 bytes)
C1 CompilerThread0     1256 2296   !   3       org.springframework.context.annotation.ConfigurationClassParser$SourceClass::getAnnotations (173 bytes)
C2 CompilerThread1     1256 2157       4       jdk.internal.module.SystemModuleFinders$SystemModuleReader::find (59 bytes)
C2 CompilerThread2     1257 2201       4       jdk.internal.module.SystemModuleFinders$SystemModuleReader::containsImageLocation (42 bytes)

VM state: not at safepoint (normal execution)

VM Mutex/Monitor currently owned by a thread: None

Heap address: 0x0000000704c00000, size: 4020 MB, Compressed Oops mode: Zero based, Oop shift amount: 3

CDS archive(s) mapped at: [0x0000029261000000-0x0000029261bd0000-0x0000029261bd0000), size 12386304, SharedBaseAddress: 0x0000029261000000, ArchiveRelocationMode: 1.
Compressed class space mapped at: 0x0000029262000000-0x00000292a2000000, reserved size: 1073741824
Narrow klass base: 0x0000029261000000, Narrow klass shift: 0, Narrow klass range: 0x100000000

GC Precious Log:
 CPUs: 8 total, 8 available
 Memory: 16075M
 Large Page Support: Disabled
 NUMA Support: Disabled
 Compressed Oops: Enabled (Zero based)
 Heap Region Size: 2M
 Heap Min Capacity: 8M
 Heap Initial Capacity: 252M
 Heap Max Capacity: 4020M
 Pre-touch: Disabled
 Parallel Workers: 8
 Concurrent Workers: 2
 Concurrent Refinement Workers: 8
 Periodic GC: Disabled

Heap:
 garbage-first heap   total 258048K, used 42882K [0x0000000704c00000, 0x0000000800000000)
  region size 2048K, 20 young (40960K), 2 survivors (4096K)
 Metaspace       used 19385K, committed 19648K, reserved 1114112K
  class space    used 2232K, committed 2368K, reserved 1048576K

Heap Regions: E=young(eden), S=young(survivor), O=old, HS=humongous(starts), HC=humongous(continues), CS=collection set, F=free, OA=open archive, CA=closed archive, TAMS=top-at-mark-start (previous, next)
|   0|0x0000000704c00000, 0x0000000704e00000, 0x0000000704e00000|100%| O|  |TAMS 0x0000000704c00000, 0x0000000704c00000| Untracked 
|   1|0x0000000704e00000, 0x0000000705000000, 0x0000000705000000|100%| O|  |TAMS 0x0000000704e00000, 0x0000000704e00000| Untracked 
|   2|0x0000000705000000, 0x0000000705200000, 0x0000000705200000|100%| O|  |TAMS 0x0000000705000000, 0x0000000705000000| Untracked 
|   3|0x0000000705200000, 0x0000000705397800, 0x0000000705400000| 79%| O|  |TAMS 0x0000000705200000, 0x0000000705200000| Untracked 
|   4|0x0000000705400000, 0x0000000705400000, 0x0000000705600000|  0%| F|  |TAMS 0x0000000705400000, 0x0000000705400000| Untracked 
|   5|0x0000000705600000, 0x0000000705600000, 0x0000000705800000|  0%| F|  |TAMS 0x0000000705600000, 0x0000000705600000| Untracked 
|   6|0x0000000705800000, 0x0000000705800000, 0x0000000705a00000|  0%| F|  |TAMS 0x0000000705800000, 0x0000000705800000| Untracked 
|   7|0x0000000705a00000, 0x0000000705a00000, 0x0000000705c00000|  0%| F|  |TAMS 0x0000000705a00000, 0x0000000705a00000| Untracked 
|   8|0x0000000705c00000, 0x0000000705c00000, 0x0000000705e00000|  0%| F|  |TAMS 0x0000000705c00000, 0x0000000705c00000| Untracked 
|   9|0x0000000705e00000, 0x0000000705e00000, 0x0000000706000000|  0%| F|  |TAMS 0x0000000705e00000, 0x0000000705e00000| Untracked 
|  10|0x0000000706000000, 0x0000000706000000, 0x0000000706200000|  0%| F|  |TAMS 0x0000000706000000, 0x0000000706000000| Untracked 
|  11|0x0000000706200000, 0x0000000706200000, 0x0000000706400000|  0%| F|  |TAMS 0x0000000706200000, 0x0000000706200000| Untracked 
|  12|0x0000000706400000, 0x0000000706400000, 0x0000000706600000|  0%| F|  |TAMS 0x0000000706400000, 0x0000000706400000| Untracked 
|  13|0x0000000706600000, 0x0000000706600000, 0x0000000706800000|  0%| F|  |TAMS 0x0000000706600000, 0x0000000706600000| Untracked 
|  14|0x0000000706800000, 0x0000000706800000, 0x0000000706a00000|  0%| F|  |TAMS 0x0000000706800000, 0x0000000706800000| Untracked 
|  15|0x0000000706a00000, 0x0000000706a00000, 0x0000000706c00000|  0%| F|  |TAMS 0x0000000706a00000, 0x0000000706a00000| Untracked 
|  16|0x0000000706c00000, 0x0000000706c00000, 0x0000000706e00000|  0%| F|  |TAMS 0x0000000706c00000, 0x0000000706c00000| Untracked 
|  17|0x0000000706e00000, 0x0000000706e00000, 0x0000000707000000|  0%| F|  |TAMS 0x0000000706e00000, 0x0000000706e00000| Untracked 
|  18|0x0000000707000000, 0x0000000707000000, 0x0000000707200000|  0%| F|  |TAMS 0x0000000707000000, 0x0000000707000000| Untracked 
|  19|0x0000000707200000, 0x0000000707200000, 0x0000000707400000|  0%| F|  |TAMS 0x0000000707200000, 0x0000000707200000| Untracked 
|  20|0x0000000707400000, 0x0000000707400000, 0x0000000707600000|  0%| F|  |TAMS 0x0000000707400000, 0x0000000707400000| Untracked 
|  21|0x0000000707600000, 0x0000000707600000, 0x0000000707800000|  0%| F|  |TAMS 0x0000000707600000, 0x0000000707600000| Untracked 
|  22|0x0000000707800000, 0x0000000707800000, 0x0000000707a00000|  0%| F|  |TAMS 0x0000000707800000, 0x0000000707800000| Untracked 
|  23|0x0000000707a00000, 0x0000000707a00000, 0x0000000707c00000|  0%| F|  |TAMS 0x0000000707a00000, 0x0000000707a00000| Untracked 
|  24|0x0000000707c00000, 0x0000000707c00000, 0x0000000707e00000|  0%| F|  |TAMS 0x0000000707c00000, 0x0000000707c00000| Untracked 
|  25|0x0000000707e00000, 0x0000000707e00000, 0x0000000708000000|  0%| F|  |TAMS 0x0000000707e00000, 0x0000000707e00000| Untracked 
|  26|0x0000000708000000, 0x0000000708000000, 0x0000000708200000|  0%| F|  |TAMS 0x0000000708000000, 0x0000000708000000| Untracked 
|  27|0x0000000708200000, 0x0000000708200000, 0x0000000708400000|  0%| F|  |TAMS 0x0000000708200000, 0x0000000708200000| Untracked 
|  28|0x0000000708400000, 0x0000000708400000, 0x0000000708600000|  0%| F|  |TAMS 0x0000000708400000, 0x0000000708400000| Untracked 
|  29|0x0000000708600000, 0x0000000708600000, 0x0000000708800000|  0%| F|  |TAMS 0x0000000708600000, 0x0000000708600000| Untracked 
|  30|0x0000000708800000, 0x0000000708800000, 0x0000000708a00000|  0%| F|  |TAMS 0x0000000708800000, 0x0000000708800000| Untracked 
|  31|0x0000000708a00000, 0x0000000708a00000, 0x0000000708c00000|  0%| F|  |TAMS 0x0000000708a00000, 0x0000000708a00000| Untracked 
|  32|0x0000000708c00000, 0x0000000708c00000, 0x0000000708e00000|  0%| F|  |TAMS 0x0000000708c00000, 0x0000000708c00000| Untracked 
|  33|0x0000000708e00000, 0x0000000708e00000, 0x0000000709000000|  0%| F|  |TAMS 0x0000000708e00000, 0x0000000708e00000| Untracked 
|  34|0x0000000709000000, 0x0000000709000000, 0x0000000709200000|  0%| F|  |TAMS 0x0000000709000000, 0x0000000709000000| Untracked 
|  35|0x0000000709200000, 0x0000000709200000, 0x0000000709400000|  0%| F|  |TAMS 0x0000000709200000, 0x0000000709200000| Untracked 
|  36|0x0000000709400000, 0x0000000709400000, 0x0000000709600000|  0%| F|  |TAMS 0x0000000709400000, 0x0000000709400000| Untracked 
|  37|0x0000000709600000, 0x0000000709600000, 0x0000000709800000|  0%| F|  |TAMS 0x0000000709600000, 0x0000000709600000| Untracked 
|  38|0x0000000709800000, 0x0000000709800000, 0x0000000709a00000|  0%| F|  |TAMS 0x0000000709800000, 0x0000000709800000| Untracked 
|  39|0x0000000709a00000, 0x0000000709a00000, 0x0000000709c00000|  0%| F|  |TAMS 0x0000000709a00000, 0x0000000709a00000| Untracked 
|  40|0x0000000709c00000, 0x0000000709c00000, 0x0000000709e00000|  0%| F|  |TAMS 0x0000000709c00000, 0x0000000709c00000| Untracked 
|  41|0x0000000709e00000, 0x0000000709e00000, 0x000000070a000000|  0%| F|  |TAMS 0x0000000709e00000, 0x0000000709e00000| Untracked 
|  42|0x000000070a000000, 0x000000070a000000, 0x000000070a200000|  0%| F|  |TAMS 0x000000070a000000, 0x000000070a000000| Untracked 
|  43|0x000000070a200000, 0x000000070a200000, 0x000000070a400000|  0%| F|  |TAMS 0x000000070a200000, 0x000000070a200000| Untracked 
|  44|0x000000070a400000, 0x000000070a400000, 0x000000070a600000|  0%| F|  |TAMS 0x000000070a400000, 0x000000070a400000| Untracked 
|  45|0x000000070a600000, 0x000000070a600000, 0x000000070a800000|  0%| F|  |TAMS 0x000000070a600000, 0x000000070a600000| Untracked 
|  46|0x000000070a800000, 0x000000070a800000, 0x000000070aa00000|  0%| F|  |TAMS 0x000000070a800000, 0x000000070a800000| Untracked 
|  47|0x000000070aa00000, 0x000000070aa00000, 0x000000070ac00000|  0%| F|  |TAMS 0x000000070aa00000, 0x000000070aa00000| Untracked 
|  48|0x000000070ac00000, 0x000000070ac00000, 0x000000070ae00000|  0%| F|  |TAMS 0x000000070ac00000, 0x000000070ac00000| Untracked 
|  49|0x000000070ae00000, 0x000000070ae00000, 0x000000070b000000|  0%| F|  |TAMS 0x000000070ae00000, 0x000000070ae00000| Untracked 
|  50|0x000000070b000000, 0x000000070b000000, 0x000000070b200000|  0%| F|  |TAMS 0x000000070b000000, 0x000000070b000000| Untracked 
|  51|0x000000070b200000, 0x000000070b200000, 0x000000070b400000|  0%| F|  |TAMS 0x000000070b200000, 0x000000070b200000| Untracked 
|  52|0x000000070b400000, 0x000000070b400000, 0x000000070b600000|  0%| F|  |TAMS 0x000000070b400000, 0x000000070b400000| Untracked 
|  53|0x000000070b600000, 0x000000070b600000, 0x000000070b800000|  0%| F|  |TAMS 0x000000070b600000, 0x000000070b600000| Untracked 
|  54|0x000000070b800000, 0x000000070b800000, 0x000000070ba00000|  0%| F|  |TAMS 0x000000070b800000, 0x000000070b800000| Untracked 
|  55|0x000000070ba00000, 0x000000070ba00000, 0x000000070bc00000|  0%| F|  |TAMS 0x000000070ba00000, 0x000000070ba00000| Untracked 
|  56|0x000000070bc00000, 0x000000070bc00000, 0x000000070be00000|  0%| F|  |TAMS 0x000000070bc00000, 0x000000070bc00000| Untracked 
|  57|0x000000070be00000, 0x000000070be00000, 0x000000070c000000|  0%| F|  |TAMS 0x000000070be00000, 0x000000070be00000| Untracked 
|  58|0x000000070c000000, 0x000000070c000000, 0x000000070c200000|  0%| F|  |TAMS 0x000000070c000000, 0x000000070c000000| Untracked 
|  59|0x000000070c200000, 0x000000070c200000, 0x000000070c400000|  0%| F|  |TAMS 0x000000070c200000, 0x000000070c200000| Untracked 
|  60|0x000000070c400000, 0x000000070c400000, 0x000000070c600000|  0%| F|  |TAMS 0x000000070c400000, 0x000000070c400000| Untracked 
|  61|0x000000070c600000, 0x000000070c600000, 0x000000070c800000|  0%| F|  |TAMS 0x000000070c600000, 0x000000070c600000| Untracked 
|  62|0x000000070c800000, 0x000000070c800000, 0x000000070ca00000|  0%| F|  |TAMS 0x000000070c800000, 0x000000070c800000| Untracked 
|  63|0x000000070ca00000, 0x000000070ca00000, 0x000000070cc00000|  0%| F|  |TAMS 0x000000070ca00000, 0x000000070ca00000| Untracked 
|  64|0x000000070cc00000, 0x000000070cc00000, 0x000000070ce00000|  0%| F|  |TAMS 0x000000070cc00000, 0x000000070cc00000| Untracked 
|  65|0x000000070ce00000, 0x000000070ce00000, 0x000000070d000000|  0%| F|  |TAMS 0x000000070ce00000, 0x000000070ce00000| Untracked 
|  66|0x000000070d000000, 0x000000070d000000, 0x000000070d200000|  0%| F|  |TAMS 0x000000070d000000, 0x000000070d000000| Untracked 
|  67|0x000000070d200000, 0x000000070d200000, 0x000000070d400000|  0%| F|  |TAMS 0x000000070d200000, 0x000000070d200000| Untracked 
|  68|0x000000070d400000, 0x000000070d400000, 0x000000070d600000|  0%| F|  |TAMS 0x000000070d400000, 0x000000070d400000| Untracked 
|  69|0x000000070d600000, 0x000000070d600000, 0x000000070d800000|  0%| F|  |TAMS 0x000000070d600000, 0x000000070d600000| Untracked 
|  70|0x000000070d800000, 0x000000070d800000, 0x000000070da00000|  0%| F|  |TAMS 0x000000070d800000, 0x000000070d800000| Untracked 
|  71|0x000000070da00000, 0x000000070da00000, 0x000000070dc00000|  0%| F|  |TAMS 0x000000070da00000, 0x000000070da00000| Untracked 
|  72|0x000000070dc00000, 0x000000070dc00000, 0x000000070de00000|  0%| F|  |TAMS 0x000000070dc00000, 0x000000070dc00000| Untracked 
|  73|0x000000070de00000, 0x000000070de00000, 0x000000070e000000|  0%| F|  |TAMS 0x000000070de00000, 0x000000070de00000| Untracked 
|  74|0x000000070e000000, 0x000000070e000000, 0x000000070e200000|  0%| F|  |TAMS 0x000000070e000000, 0x000000070e000000| Untracked 
|  75|0x000000070e200000, 0x000000070e200000, 0x000000070e400000|  0%| F|  |TAMS 0x000000070e200000, 0x000000070e200000| Untracked 
|  76|0x000000070e400000, 0x000000070e400000, 0x000000070e600000|  0%| F|  |TAMS 0x000000070e400000, 0x000000070e400000| Untracked 
|  77|0x000000070e600000, 0x000000070e600000, 0x000000070e800000|  0%| F|  |TAMS 0x000000070e600000, 0x000000070e600000| Untracked 
|  78|0x000000070e800000, 0x000000070e800000, 0x000000070ea00000|  0%| F|  |TAMS 0x000000070e800000, 0x000000070e800000| Untracked 
|  79|0x000000070ea00000, 0x000000070ea00000, 0x000000070ec00000|  0%| F|  |TAMS 0x000000070ea00000, 0x000000070ea00000| Untracked 
|  80|0x000000070ec00000, 0x000000070ec00000, 0x000000070ee00000|  0%| F|  |TAMS 0x000000070ec00000, 0x000000070ec00000| Untracked 
|  81|0x000000070ee00000, 0x000000070ee00000, 0x000000070f000000|  0%| F|  |TAMS 0x000000070ee00000, 0x000000070ee00000| Untracked 
|  82|0x000000070f000000, 0x000000070f000000, 0x000000070f200000|  0%| F|  |TAMS 0x000000070f000000, 0x000000070f000000| Untracked 
|  83|0x000000070f200000, 0x000000070f200000, 0x000000070f400000|  0%| F|  |TAMS 0x000000070f200000, 0x000000070f200000| Untracked 
|  84|0x000000070f400000, 0x000000070f400000, 0x000000070f600000|  0%| F|  |TAMS 0x000000070f400000, 0x000000070f400000| Untracked 
|  85|0x000000070f600000, 0x000000070f600000, 0x000000070f800000|  0%| F|  |TAMS 0x000000070f600000, 0x000000070f600000| Untracked 
|  86|0x000000070f800000, 0x000000070f800000, 0x000000070fa00000|  0%| F|  |TAMS 0x000000070f800000, 0x000000070f800000| Untracked 
|  87|0x000000070fa00000, 0x000000070fa00000, 0x000000070fc00000|  0%| F|  |TAMS 0x000000070fa00000, 0x000000070fa00000| Untracked 
|  88|0x000000070fc00000, 0x000000070fc00000, 0x000000070fe00000|  0%| F|  |TAMS 0x000000070fc00000, 0x000000070fc00000| Untracked 
|  89|0x000000070fe00000, 0x000000070fe00000, 0x0000000710000000|  0%| F|  |TAMS 0x000000070fe00000, 0x000000070fe00000| Untracked 
|  90|0x0000000710000000, 0x0000000710000000, 0x0000000710200000|  0%| F|  |TAMS 0x0000000710000000, 0x0000000710000000| Untracked 
|  91|0x0000000710200000, 0x0000000710200000, 0x0000000710400000|  0%| F|  |TAMS 0x0000000710200000, 0x0000000710200000| Untracked 
|  92|0x0000000710400000, 0x0000000710400000, 0x0000000710600000|  0%| F|  |TAMS 0x0000000710400000, 0x0000000710400000| Untracked 
|  93|0x0000000710600000, 0x0000000710600000, 0x0000000710800000|  0%| F|  |TAMS 0x0000000710600000, 0x0000000710600000| Untracked 
|  94|0x0000000710800000, 0x0000000710800000, 0x0000000710a00000|  0%| F|  |TAMS 0x0000000710800000, 0x0000000710800000| Untracked 
|  95|0x0000000710a00000, 0x0000000710a00000, 0x0000000710c00000|  0%| F|  |TAMS 0x0000000710a00000, 0x0000000710a00000| Untracked 
|  96|0x0000000710c00000, 0x0000000710c00000, 0x0000000710e00000|  0%| F|  |TAMS 0x0000000710c00000, 0x0000000710c00000| Untracked 
|  97|0x0000000710e00000, 0x0000000710e00000, 0x0000000711000000|  0%| F|  |TAMS 0x0000000710e00000, 0x0000000710e00000| Untracked 
|  98|0x0000000711000000, 0x0000000711000000, 0x0000000711200000|  0%| F|  |TAMS 0x0000000711000000, 0x0000000711000000| Untracked 
|  99|0x0000000711200000, 0x0000000711200000, 0x0000000711400000|  0%| F|  |TAMS 0x0000000711200000, 0x0000000711200000| Untracked 
| 100|0x0000000711400000, 0x0000000711400000, 0x0000000711600000|  0%| F|  |TAMS 0x0000000711400000, 0x0000000711400000| Untracked 
| 101|0x0000000711600000, 0x0000000711600000, 0x0000000711800000|  0%| F|  |TAMS 0x0000000711600000, 0x0000000711600000| Untracked 
| 102|0x0000000711800000, 0x0000000711800000, 0x0000000711a00000|  0%| F|  |TAMS 0x0000000711800000, 0x0000000711800000| Untracked 
| 103|0x0000000711a00000, 0x0000000711a00000, 0x0000000711c00000|  0%| F|  |TAMS 0x0000000711a00000, 0x0000000711a00000| Untracked 
| 104|0x0000000711c00000, 0x0000000711c00000, 0x0000000711e00000|  0%| F|  |TAMS 0x0000000711c00000, 0x0000000711c00000| Untracked 
| 105|0x0000000711e00000, 0x0000000711e00000, 0x0000000712000000|  0%| F|  |TAMS 0x0000000711e00000, 0x0000000711e00000| Untracked 
| 106|0x0000000712000000, 0x00000007121c9820, 0x0000000712200000| 89%| E|  |TAMS 0x0000000712000000, 0x0000000712000000| Complete 
| 107|0x0000000712200000, 0x0000000712400000, 0x0000000712400000|100%| E|CS|TAMS 0x0000000712200000, 0x0000000712200000| Complete 
| 108|0x0000000712400000, 0x0000000712600000, 0x0000000712600000|100%| E|CS|TAMS 0x0000000712400000, 0x0000000712400000| Complete 
| 109|0x0000000712600000, 0x00000007126492c0, 0x0000000712800000| 14%| S|CS|TAMS 0x0000000712600000, 0x0000000712600000| Complete 
| 110|0x0000000712800000, 0x0000000712a00000, 0x0000000712a00000|100%| S|CS|TAMS 0x0000000712800000, 0x0000000712800000| Complete 
| 111|0x0000000712a00000, 0x0000000712c00000, 0x0000000712c00000|100%| E|CS|TAMS 0x0000000712a00000, 0x0000000712a00000| Complete 
| 112|0x0000000712c00000, 0x0000000712e00000, 0x0000000712e00000|100%| E|CS|TAMS 0x0000000712c00000, 0x0000000712c00000| Complete 
| 113|0x0000000712e00000, 0x0000000713000000, 0x0000000713000000|100%| E|CS|TAMS 0x0000000712e00000, 0x0000000712e00000| Complete 
| 114|0x0000000713000000, 0x0000000713200000, 0x0000000713200000|100%| E|CS|TAMS 0x0000000713000000, 0x0000000713000000| Complete 
| 115|0x0000000713200000, 0x0000000713400000, 0x0000000713400000|100%| E|CS|TAMS 0x0000000713200000, 0x0000000713200000| Complete 
| 116|0x0000000713400000, 0x0000000713600000, 0x0000000713600000|100%| E|CS|TAMS 0x0000000713400000, 0x0000000713400000| Complete 
| 117|0x0000000713600000, 0x0000000713800000, 0x0000000713800000|100%| E|CS|TAMS 0x0000000713600000, 0x0000000713600000| Complete 
| 118|0x0000000713800000, 0x0000000713a00000, 0x0000000713a00000|100%| E|  |TAMS 0x0000000713800000, 0x0000000713800000| Complete 
| 119|0x0000000713a00000, 0x0000000713c00000, 0x0000000713c00000|100%| E|CS|TAMS 0x0000000713a00000, 0x0000000713a00000| Complete 
| 120|0x0000000713c00000, 0x0000000713e00000, 0x0000000713e00000|100%| E|CS|TAMS 0x0000000713c00000, 0x0000000713c00000| Complete 
| 121|0x0000000713e00000, 0x0000000714000000, 0x0000000714000000|100%| E|CS|TAMS 0x0000000713e00000, 0x0000000713e00000| Complete 
| 122|0x0000000714000000, 0x0000000714200000, 0x0000000714200000|100%| E|CS|TAMS 0x0000000714000000, 0x0000000714000000| Complete 
| 123|0x0000000714200000, 0x0000000714400000, 0x0000000714400000|100%| E|CS|TAMS 0x0000000714200000, 0x0000000714200000| Complete 
| 124|0x0000000714400000, 0x0000000714600000, 0x0000000714600000|100%| E|CS|TAMS 0x0000000714400000, 0x0000000714400000| Complete 
| 125|0x0000000714600000, 0x0000000714800000, 0x0000000714800000|100%| E|CS|TAMS 0x0000000714600000, 0x0000000714600000| Complete 

Card table byte_map: [0x0000029255770000,0x0000029255f50000] _byte_map_base: 0x0000029251f4a000

Marking Bits (Prev, Next): (CMBitMap*) 0x000002923e438e50, (CMBitMap*) 0x000002923e438e90
 Prev Bits: [0x0000029256730000, 0x000002925a600000)
 Next Bits: [0x000002925a600000, 0x000002925e4d0000)

Polling page: 0x000002923db90000

Metaspace:

Usage:
  Non-class:     16.76 MB used.
      Class:      2.18 MB used.
       Both:     18.94 MB used.

Virtual space:
  Non-class space:       64.00 MB reserved,      16.88 MB ( 26%) committed,  1 nodes.
      Class space:        1.00 GB reserved,       2.31 MB ( <1%) committed,  1 nodes.
             Both:        1.06 GB reserved,      19.19 MB (  2%) committed. 

Chunk freelists:
   Non-Class:  14.31 MB
       Class:  13.66 MB
        Both:  27.97 MB

MaxMetaspaceSize: unlimited
CompressedClassSpaceSize: 1.00 GB
Initial GC threshold: 21.00 MB
Current GC threshold: 21.00 MB
CDS: on
MetaspaceReclaimPolicy: balanced
 - commit_granule_bytes: 65536.
 - commit_granule_words: 8192.
 - virtual_space_node_default_size: 8388608.
 - enlarge_chunks_in_place: 1.
 - new_chunks_are_fully_committed: 0.
 - uncommit_free_chunks: 1.
 - use_allocation_guard: 0.
 - handle_deallocations: 1.


Internal statistics:

num_allocs_failed_limit: 0.
num_arena_births: 224.
num_arena_deaths: 0.
num_vsnodes_births: 2.
num_vsnodes_deaths: 0.
num_space_committed: 307.
num_space_uncommitted: 0.
num_chunks_returned_to_freelist: 0.
num_chunks_taken_from_freelist: 869.
num_chunk_merges: 0.
num_chunk_splits: 616.
num_chunks_enlarged: 498.
num_purges: 0.
num_inconsistent_stats: 0.

CodeHeap 'non-profiled nmethods': size=120000Kb used=981Kb max_used=981Kb free=119018Kb
 bounds [0x000002924d730000, 0x000002924d9a0000, 0x0000029254c60000]
CodeHeap 'profiled nmethods': size=120000Kb used=4490Kb max_used=4490Kb free=115509Kb
 bounds [0x0000029245c60000, 0x00000292460d0000, 0x000002924d190000]
CodeHeap 'non-nmethods': size=5760Kb used=1222Kb max_used=1253Kb free=4537Kb
 bounds [0x000002924d190000, 0x000002924d400000, 0x000002924d730000]
 total_blobs=2805 nmethods=2296 adapters=421
 compilation: enabled
              stopped_count=0, restarted_count=0
 full_count=0

Compilation events (20 events):
Event: 1.223 Thread 0x00000292a61011c0 2243       3       java.lang.invoke.LambdaForm$MH/0x0000029262026c00::linkToTargetMethod (15 bytes)
Event: 1.223 Thread 0x00000292a61011c0 nmethod 2243 0x0000029246096a90 code [0x0000029246096c40, 0x0000029246097038]
Event: 1.223 Thread 0x00000292a61011c0 2244       3       java.lang.invoke.LambdaForm$DMH/0x0000029262026400::newInvokeSpecial (32 bytes)
Event: 1.223 Thread 0x00000292a61011c0 nmethod 2244 0x0000029246097110 code [0x0000029246097300, 0x00000292460979e8]
Event: 1.223 Thread 0x00000292a61011c0 2245       3       org.springframework.util.ConcurrentReferenceHashMap$Segment$$Lambda$24/0x0000029262027000::<init> (32 bytes)
Event: 1.223 Thread 0x00000292a61011c0 nmethod 2245 0x0000029246097c10 code [0x0000029246097dc0, 0x0000029246098058]
Event: 1.223 Thread 0x00000292a61011c0 2246       3       org.springframework.util.ConcurrentReferenceHashMap$1::execute (55 bytes)
Event: 1.224 Thread 0x00000292a61011c0 nmethod 2246 0x0000029246098110 code [0x0000029246098300, 0x00000292460987f8]
Event: 1.224 Thread 0x00000292a61011c0 2247       3       org.springframework.util.ConcurrentReferenceHashMap$Segment$$Lambda$24/0x0000029262027000::add (25 bytes)
Event: 1.224 Thread 0x00000292a61011c0 nmethod 2247 0x0000029246098a10 code [0x0000029246098bc0, 0x0000029246098d28]
Event: 1.224 Thread 0x00000292a61011c0 2248       3       org.springframework.util.ConcurrentReferenceHashMap$Segment::lambda$doTask$0 (43 bytes)
Event: 1.224 Thread 0x00000292a61011c0 nmethod 2248 0x0000029246098e10 code [0x0000029246099000, 0x0000029246099558]
Event: 1.224 Thread 0x00000292a61011c0 2249       3       org.springframework.util.ConcurrentReferenceHashMap$Entry::<init> (15 bytes)
Event: 1.224 Thread 0x00000292a61011c0 nmethod 2249 0x0000029246099790 code [0x0000029246099940, 0x0000029246099b78]
Event: 1.230 Thread 0x00000292a61011c0 2251       1       sun.reflect.generics.repository.AbstractRepository::getFactory (5 bytes)
Event: 1.230 Thread 0x00000292a61011c0 nmethod 2251 0x000002924d820a90 code [0x000002924d820c20, 0x000002924d820cf8]
Event: 1.230 Thread 0x00000292a61011c0 2252       3       sun.reflect.generics.reflectiveObjects.ParameterizedTypeImpl::getActualTypeArguments (11 bytes)
Event: 1.230 Thread 0x00000292a61011c0 nmethod 2252 0x0000029246099c10 code [0x0000029246099dc0, 0x000002924609a0a8]
Event: 1.236 Thread 0x00000292a61011c0 2254       3       java.lang.invoke.LambdaFormBuffer::ownedCount (7 bytes)
Event: 1.236 Thread 0x00000292a61011c0 nmethod 2254 0x000002924609a190 code [0x000002924609a320, 0x000002924609a438]

GC Heap History (4 events):
Event: 0.533 GC heap before
{Heap before GC invocations=0 (full 0):
 garbage-first heap   total 258048K, used 22528K [0x0000000704c00000, 0x0000000800000000)
  region size 2048K, 11 young (22528K), 0 survivors (0K)
 Metaspace       used 5699K, committed 5952K, reserved 1114112K
  class space    used 661K, committed 768K, reserved 1048576K
}
Event: 0.536 GC heap after
{Heap after GC invocations=1 (full 0):
 garbage-first heap   total 258048K, used 7660K [0x0000000704c00000, 0x0000000800000000)
  region size 2048K, 2 young (4096K), 2 survivors (4096K)
 Metaspace       used 5699K, committed 5952K, reserved 1114112K
  class space    used 661K, committed 768K, reserved 1048576K
}
Event: 0.808 GC heap before
{Heap before GC invocations=1 (full 0):
 garbage-first heap   total 258048K, used 34284K [0x0000000704c00000, 0x0000000800000000)
  region size 2048K, 15 young (30720K), 2 survivors (4096K)
 Metaspace       used 12402K, committed 12608K, reserved 1114112K
  class space    used 1502K, committed 1600K, reserved 1048576K
}
Event: 0.811 GC heap after
{Heap after GC invocations=2 (full 0):
 garbage-first heap   total 258048K, used 10114K [0x0000000704c00000, 0x0000000800000000)
  region size 2048K, 2 young (4096K), 2 survivors (4096K)
 Metaspace       used 12402K, committed 12608K, reserved 1114112K
  class space    used 1502K, committed 1600K, reserved 1048576K
}

Deoptimization events (20 events):
Event: 1.013 Thread 0x000002923e3cdb70 DEOPT PACKING pc=0x0000029245da7765 sp=0x000000ae522fea00
Event: 1.013 Thread 0x000002923e3cdb70 DEOPT UNPACKING pc=0x000002924d1e66e3 sp=0x000000ae522fdef0 mode 0
Event: 1.014 Thread 0x000002923e3cdb70 DEOPT PACKING pc=0x0000029245d9cde6 sp=0x000000ae522fea30
Event: 1.014 Thread 0x000002923e3cdb70 DEOPT UNPACKING pc=0x000002924d1e66e3 sp=0x000000ae522fdef8 mode 0
Event: 1.014 Thread 0x000002923e3cdb70 DEOPT PACKING pc=0x0000029245da7765 sp=0x000000ae522fea00
Event: 1.014 Thread 0x000002923e3cdb70 DEOPT UNPACKING pc=0x000002924d1e66e3 sp=0x000000ae522fdef0 mode 0
Event: 1.096 Thread 0x000002923e3cdb70 DEOPT PACKING pc=0x0000029245fa84c8 sp=0x000000ae522fd890
Event: 1.096 Thread 0x000002923e3cdb70 DEOPT UNPACKING pc=0x000002924d1e66e3 sp=0x000000ae522fcda8 mode 0
Event: 1.134 Thread 0x00000292a6d840a0 Uncommon trap: trap_request=0xffffff45 fr.pc=0x000002924d76b03c relative=0x00000000000018bc
Event: 1.134 Thread 0x00000292a6d840a0 Uncommon trap: reason=unstable_if action=reinterpret pc=0x000002924d76b03c method=java.util.jar.JarFile.getEntry(Ljava/lang/String;)Ljava/util/zip/ZipEntry; @ 15 c2
Event: 1.134 Thread 0x00000292a6d840a0 DEOPT PACKING pc=0x000002924d76b03c sp=0x000000ae53cfd6d0
Event: 1.134 Thread 0x00000292a6d840a0 DEOPT UNPACKING pc=0x000002924d1e5ba3 sp=0x000000ae53cfd5f0 mode 2
Event: 1.186 Thread 0x000002923e3cdb70 Uncommon trap: trap_request=0xffffff45 fr.pc=0x000002924d81552c relative=0x00000000000010ac
Event: 1.186 Thread 0x000002923e3cdb70 Uncommon trap: reason=unstable_if action=reinterpret pc=0x000002924d81552c method=jdk.internal.jimage.ImageStringsReader.stringFromByteBufferMatches(Ljava/nio/ByteBuffer;ILjava/lang/String;I)I @ 48 c2
Event: 1.186 Thread 0x000002923e3cdb70 DEOPT PACKING pc=0x000002924d81552c sp=0x000000ae522fdc50
Event: 1.186 Thread 0x000002923e3cdb70 DEOPT UNPACKING pc=0x000002924d1e5ba3 sp=0x000000ae522fd998 mode 2
Event: 1.191 Thread 0x000002923e3cdb70 Uncommon trap: trap_request=0xffffffde fr.pc=0x000002924d7e8484 relative=0x00000000000004c4
Event: 1.191 Thread 0x000002923e3cdb70 Uncommon trap: reason=class_check action=maybe_recompile pc=0x000002924d7e8484 method=java.util.HashMap.getNode(Ljava/lang/Object;)Ljava/util/HashMap$Node; @ 128 c2
Event: 1.191 Thread 0x000002923e3cdb70 DEOPT PACKING pc=0x000002924d7e8484 sp=0x000000ae522fea70
Event: 1.191 Thread 0x000002923e3cdb70 DEOPT UNPACKING pc=0x000002924d1e5ba3 sp=0x000000ae522fe988 mode 2

Classes unloaded (0 events):
No events

Classes redefined (0 events):
No events

Internal exceptions (20 events):
Event: 0.642 Thread 0x000002923e3cdb70 Exception <a 'java/lang/NoSuchMethodError'{0x000000071406dc28}: 'void java.lang.invoke.DirectMethodHandle$Holder.invokeInterface(java.lang.Object, java.lang.Object, java.lang.Object)'> (0x000000071406dc28) 
thrown [s\open\src\hotspot\share\interpreter\linkResolver.cpp, line 759]
Event: 0.651 Thread 0x000002923e3cdb70 Exception <a 'java/lang/NoSuchMethodError'{0x00000007140e1090}: 'void java.lang.invoke.DirectMethodHandle$Holder.invokeStaticInit(java.lang.Object, java.lang.Object)'> (0x00000007140e1090) 
thrown [s\open\src\hotspot\share\interpreter\linkResolver.cpp, line 759]
Event: 0.653 Thread 0x000002923e3cdb70 Exception <a 'java/lang/NoSuchMethodError'{0x00000007140edad8}: 'void java.lang.invoke.DirectMethodHandle$Holder.invokeStaticInit(java.lang.Object, java.lang.Object, java.lang.Object)'> (0x00000007140edad8) 
thrown [s\open\src\hotspot\share\interpreter\linkResolver.cpp, line 759]
Event: 0.657 Thread 0x000002923e3cdb70 Exception <a 'java/lang/NoSuchMethodError'{0x000000071412b1c0}: 'java.lang.Object java.lang.invoke.DirectMethodHandle$Holder.invokeStatic(java.lang.Object, java.lang.Object, long, java.lang.Object)'> (0x000000071412b1c0) 
thrown [s\open\src\hotspot\share\interpreter\linkResolver.cpp, line 759]
Event: 0.657 Thread 0x000002923e3cdb70 Exception <a 'java/lang/NoSuchMethodError'{0x000000071412ec58}: 'java.lang.Object java.lang.invoke.DirectMethodHandle$Holder.invokeStaticInit(java.lang.Object, java.lang.Object, long, java.lang.Object)'> (0x000000071412ec58) 
thrown [s\open\src\hotspot\share\interpreter\linkResolver.cpp, line 759]
Event: 0.658 Thread 0x000002923e3cdb70 Exception <a 'java/lang/NoSuchMethodError'{0x0000000714135398}: 'java.lang.Object java.lang.invoke.DirectMethodHandle$Holder.newInvokeSpecial(java.lang.Object, java.lang.Object, long)'> (0x0000000714135398) 
thrown [s\open\src\hotspot\share\interpreter\linkResolver.cpp, line 759]
Event: 0.658 Thread 0x000002923e3cdb70 Exception <a 'java/lang/NoSuchMethodError'{0x0000000714138f08}: 'java.lang.Object java.lang.invoke.Invokers$Holder.linkToTargetMethod(java.lang.Object, long, java.lang.Object)'> (0x0000000714138f08) 
thrown [s\open\src\hotspot\share\interpreter\linkResolver.cpp, line 759]
Event: 0.666 Thread 0x000002923e3cdb70 Exception <a 'java/lang/NoSuchMethodError'{0x00000007141828c0}: 'void java.lang.invoke.DirectMethodHandle$Holder.invokeVirtual(java.lang.Object, java.lang.Object, java.lang.Object, java.lang.Object)'> (0x00000007141828c0) 
thrown [s\open\src\hotspot\share\interpreter\linkResolver.cpp, line 759]
Event: 0.689 Thread 0x000002923e3cdb70 Exception <a 'java/lang/NoSuchMethodError'{0x0000000713ee0628}: 'void java.lang.invoke.DirectMethodHandle$Holder.invokeSpecial(java.lang.Object, java.lang.Object, java.lang.Object)'> (0x0000000713ee0628) 
thrown [s\open\src\hotspot\share\interpreter\linkResolver.cpp, line 759]
Event: 0.689 Thread 0x000002923e3cdb70 Exception <a 'java/lang/NoSuchMethodError'{0x0000000713ee6c00}: 'void java.lang.invoke.DirectMethodHandle$Holder.invokeSpecial(java.lang.Object, java.lang.Object, java.lang.Object, java.lang.Object, java.lang.Object)'> (0x0000000713ee6c00) 
thrown [s\open\src\hotspot\share\interpreter\linkResolver.cpp, line 759]
Event: 0.694 Thread 0x000002923e3cdb70 Exception <a 'java/lang/IncompatibleClassChangeError'{0x0000000713f13f78}: Found class java.lang.Object, but interface was expected> (0x0000000713f13f78) 
thrown [s\open\src\hotspot\share\interpreter\linkResolver.cpp, line 826]
Event: 0.694 Thread 0x00000292a6d840a0 Exception <a 'java/lang/NoClassDefFoundError'{0x0000000713f99a58}: jakarta/validation/Validation> (0x0000000713f99a58) 
thrown [s\open\src\hotspot\share\classfile\systemDictionary.cpp, line 245]
Event: 0.857 Thread 0x000002923e3cdb70 Exception <a 'java/lang/NoSuchMethodError'{0x00000007140a10a0}: 'int java.lang.invoke.DirectMethodHandle$Holder.invokeSpecial(java.lang.Object, java.lang.Object, java.lang.Object, java.lang.Object, java.lang.Object)'> (0x00000007140a10a0) 
thrown [s\open\src\hotspot\share\interpreter\linkResolver.cpp, line 759]
Event: 0.859 Thread 0x000002923e3cdb70 Exception <a 'java/lang/NoSuchMethodError'{0x00000007140aa208}: 'void java.lang.invoke.DirectMethodHandle$Holder.invokeVirtual(java.lang.Object, java.lang.Object)'> (0x00000007140aa208) 
thrown [s\open\src\hotspot\share\interpreter\linkResolver.cpp, line 759]
Event: 0.868 Thread 0x00000292a6d840a0 Exception <a 'java/lang/NoSuchMethodError'{0x0000000713ebe0d8}: 'long java.lang.invoke.DirectMethodHandle$Holder.invokeSpecial(java.lang.Object, java.lang.Object)'> (0x0000000713ebe0d8) 
thrown [s\open\src\hotspot\share\interpreter\linkResolver.cpp, line 759]
Event: 0.869 Thread 0x00000292a6d840a0 Exception <a 'java/lang/NoSuchMethodError'{0x0000000713fc9588}: 'long java.lang.invoke.DirectMethodHandle$Holder.invokeStatic(java.lang.Object, java.lang.Object)'> (0x0000000713fc9588) 
thrown [s\open\src\hotspot\share\interpreter\linkResolver.cpp, line 759]
Event: 0.870 Thread 0x00000292a6d840a0 Exception <a 'java/lang/NoSuchMethodError'{0x0000000713fccb88}: 'long java.lang.invoke.DirectMethodHandle$Holder.invokeStaticInit(java.lang.Object, java.lang.Object)'> (0x0000000713fccb88) 
thrown [s\open\src\hotspot\share\interpreter\linkResolver.cpp, line 759]
Event: 0.871 Thread 0x00000292a6d840a0 Exception <a 'java/lang/NoSuchMethodError'{0x0000000713fda730}: 'long java.lang.invoke.DirectMethodHandle$Holder.invokeInterface(java.lang.Object, java.lang.Object)'> (0x0000000713fda730) 
thrown [s\open\src\hotspot\share\interpreter\linkResolver.cpp, line 759]
Event: 0.871 Thread 0x00000292a6d840a0 Exception <a 'java/lang/IncompatibleClassChangeError'{0x0000000713fddcc0}: Found class java.lang.Object, but interface was expected> (0x0000000713fddcc0) 
thrown [s\open\src\hotspot\share\interpreter\linkResolver.cpp, line 826]
Event: 1.007 Thread 0x000002923e3cdb70 Exception <a 'java/lang/IncompatibleClassChangeError'{0x0000000713109538}: Found class java.lang.Object, but interface was expected> (0x0000000713109538) 
thrown [s\open\src\hotspot\share\interpreter\linkResolver.cpp, line 826]

VM Operations (20 events):
Event: 0.533 Executing VM operation: G1CollectForAllocation
Event: 0.536 Executing VM operation: G1CollectForAllocation done
Event: 0.614 Executing VM operation: HandshakeAllThreads
Event: 0.614 Executing VM operation: HandshakeAllThreads done
Event: 0.687 Executing VM operation: HandshakeAllThreads
Event: 0.687 Executing VM operation: HandshakeAllThreads done
Event: 0.687 Executing VM operation: HandshakeAllThreads
Event: 0.687 Executing VM operation: HandshakeAllThreads done
Event: 0.754 Executing VM operation: ICBufferFull
Event: 0.754 Executing VM operation: ICBufferFull done
Event: 0.771 Executing VM operation: HandshakeAllThreads
Event: 0.771 Executing VM operation: HandshakeAllThreads done
Event: 0.808 Executing VM operation: G1CollectForAllocation
Event: 0.811 Executing VM operation: G1CollectForAllocation done
Event: 0.847 Executing VM operation: HandshakeAllThreads
Event: 0.847 Executing VM operation: HandshakeAllThreads done
Event: 0.889 Executing VM operation: HandshakeAllThreads
Event: 0.889 Executing VM operation: HandshakeAllThreads done
Event: 1.207 Executing VM operation: ICBufferFull
Event: 1.208 Executing VM operation: ICBufferFull done

Events (20 events):
Event: 1.169 loading class sun/util/locale/provider/BaseLocaleDataMetaInfo
Event: 1.170 loading class sun/util/locale/provider/BaseLocaleDataMetaInfo done
Event: 1.170 loading class sun/util/resources/cldr/TimeZoneNames
Event: 1.171 loading class sun/util/resources/TimeZoneNamesBundle
Event: 1.171 loading class sun/util/resources/OpenListResourceBundle
Event: 1.171 loading class sun/util/resources/OpenListResourceBundle done
Event: 1.171 loading class sun/util/resources/TimeZoneNamesBundle done
Event: 1.171 loading class sun/util/resources/cldr/TimeZoneNames done
Event: 1.171 loading class sun/util/resources/cldr/TimeZoneNames_en
Event: 1.171 loading class sun/util/resources/cldr/TimeZoneNames_en done
Event: 1.172 loading class sun/util/resources/cldr/TimeZoneNames_en_US
Event: 1.172 loading class sun/util/resources/cldr/TimeZoneNames_en_US done
Event: 1.173 loading class sun/util/cldr/CLDRBaseLocaleDataMetaInfo$TZCanonicalIDMapHolder
Event: 1.181 loading class sun/util/cldr/CLDRBaseLocaleDataMetaInfo$TZCanonicalIDMapHolder done
Event: 1.183 loading class sun/util/resources/TimeZoneNames
Event: 1.184 loading class sun/util/resources/TimeZoneNames done
Event: 1.184 loading class sun/util/resources/TimeZoneNames_en
Event: 1.184 loading class sun/util/resources/TimeZoneNames_en done
Event: 1.235 loading class java/beans/PropertyVetoException
Event: 1.235 loading class java/beans/PropertyVetoException done


Dynamic libraries:
0x00007ff784750000 - 0x00007ff784760000 	C:\Program Files\Java\jdk-17\bin\java.exe
0x00007ffcaf750000 - 0x00007ffcaf964000 	C:\WINDOWS\SYSTEM32\ntdll.dll
0x00007ffcaf360000 - 0x00007ffcaf424000 	C:\WINDOWS\System32\KERNEL32.DLL
0x00007ffcacf00000 - 0x00007ffcad2a4000 	C:\WINDOWS\System32\KERNELBASE.dll
0x00007ffcad3c0000 - 0x00007ffcad4d1000 	C:\WINDOWS\System32\ucrtbase.dll
0x00007ffc95420000 - 0x00007ffc9543b000 	C:\Program Files\Java\jdk-17\bin\VCRUNTIME140.dll
0x00007ffc95400000 - 0x00007ffc95419000 	C:\Program Files\Java\jdk-17\bin\jli.dll
0x00007ffcadfc0000 - 0x00007ffcae070000 	C:\WINDOWS\System32\ADVAPI32.dll
0x00007ffcaef00000 - 0x00007ffcaefa7000 	C:\WINDOWS\System32\msvcrt.dll
0x00007ffcaf440000 - 0x00007ffcaf4e6000 	C:\WINDOWS\System32\sechost.dll
0x00007ffcadbc0000 - 0x00007ffcadcd7000 	C:\WINDOWS\System32\RPCRT4.dll
0x00007ffcae080000 - 0x00007ffcae22a000 	C:\WINDOWS\System32\USER32.dll
0x00007ffcad4e0000 - 0x00007ffcad506000 	C:\WINDOWS\System32\win32u.dll
0x00007ffcaf4f0000 - 0x00007ffcaf519000 	C:\WINDOWS\System32\GDI32.dll
0x00007ffc99b10000 - 0x00007ffc99d9f000 	C:\WINDOWS\WinSxS\amd64_microsoft.windows.common-controls_6595b64144ccf1df_6.0.22621.2070_none_2713e6537381f706\COMCTL32.dll
0x00007ffcacbf0000 - 0x00007ffcacd09000 	C:\WINDOWS\System32\gdi32full.dll
0x00007ffcad2b0000 - 0x00007ffcad34a000 	C:\WINDOWS\System32\msvcp_win.dll
0x00007ffc9eb20000 - 0x00007ffc9eb2a000 	C:\WINDOWS\SYSTEM32\VERSION.dll
0x00007ffcadd00000 - 0x00007ffcadd31000 	C:\WINDOWS\System32\IMM32.DLL
0x00007ffc8f3a0000 - 0x00007ffc8f3ac000 	C:\Program Files\Java\jdk-17\bin\vcruntime140_1.dll
0x00007ffc695a0000 - 0x00007ffc6962e000 	C:\Program Files\Java\jdk-17\bin\msvcp140.dll
0x00007ffc2b210000 - 0x00007ffc2bdee000 	C:\Program Files\Java\jdk-17\bin\server\jvm.dll
0x00007ffcae070000 - 0x00007ffcae078000 	C:\WINDOWS\System32\PSAPI.DLL
0x00007ffca14f0000 - 0x00007ffca1524000 	C:\WINDOWS\SYSTEM32\WINMM.dll
0x00007ffca5620000 - 0x00007ffca5629000 	C:\WINDOWS\SYSTEM32\WSOCK32.dll
0x00007ffcaeac0000 - 0x00007ffcaeb31000 	C:\WINDOWS\System32\WS2_32.dll
0x00007ffcabc60000 - 0x00007ffcabc78000 	C:\WINDOWS\SYSTEM32\kernel.appcore.dll
0x00007ffc8f360000 - 0x00007ffc8f36a000 	C:\Program Files\Java\jdk-17\bin\jimage.dll
0x00007ffcaa290000 - 0x00007ffcaa4be000 	C:\WINDOWS\SYSTEM32\DBGHELP.DLL
0x00007ffcaeb60000 - 0x00007ffcaeeea000 	C:\WINDOWS\System32\combase.dll
0x00007ffcadee0000 - 0x00007ffcadfb7000 	C:\WINDOWS\System32\OLEAUT32.dll
0x00007ffc98e70000 - 0x00007ffc98ea2000 	C:\WINDOWS\SYSTEM32\dbgcore.DLL
0x00007ffcacd10000 - 0x00007ffcacd8a000 	C:\WINDOWS\System32\bcryptPrimitives.dll
0x00007ffc8db20000 - 0x00007ffc8db2e000 	C:\Program Files\Java\jdk-17\bin\instrument.dll
0x00007ffc74640000 - 0x00007ffc74665000 	C:\Program Files\Java\jdk-17\bin\java.dll
0x00007ffc66a40000 - 0x00007ffc66b17000 	C:\Program Files\Java\jdk-17\bin\jsvml.dll
0x00007ffcae230000 - 0x00007ffcaea46000 	C:\WINDOWS\System32\SHELL32.dll
0x00007ffcaab10000 - 0x00007ffcab3fa000 	C:\WINDOWS\SYSTEM32\windows.storage.dll
0x00007ffcaa9d0000 - 0x00007ffcaab0e000 	C:\WINDOWS\SYSTEM32\wintypes.dll
0x00007ffcaf260000 - 0x00007ffcaf353000 	C:\WINDOWS\System32\SHCORE.dll
0x00007ffcaea60000 - 0x00007ffcaeabe000 	C:\WINDOWS\System32\shlwapi.dll
0x00007ffcaca60000 - 0x00007ffcaca86000 	C:\WINDOWS\SYSTEM32\profapi.dll
0x00007ffc681f0000 - 0x00007ffc68208000 	C:\Program Files\Java\jdk-17\bin\zip.dll
0x00007ffc74620000 - 0x00007ffc74639000 	C:\Program Files\Java\jdk-17\bin\net.dll
0x00007ffca3b70000 - 0x00007ffca3ca7000 	C:\WINDOWS\SYSTEM32\WINHTTP.dll
0x00007ffcac0e0000 - 0x00007ffcac149000 	C:\WINDOWS\system32\mswsock.dll
0x00007ffc694f0000 - 0x00007ffc69506000 	C:\Program Files\Java\jdk-17\bin\nio.dll
0x00007ffc67830000 - 0x00007ffc6784a000 	C:\Program Files\JetBrains\IntelliJ IDEA Community Edition 2021.3.3\bin\breakgen64.dll

dbghelp: loaded successfully - version: 4.0.5 - missing functions: none
symbol engine: initialized successfully - sym options: 0x614 - pdb path: .;C:\Program Files\Java\jdk-17\bin;C:\WINDOWS\SYSTEM32;C:\WINDOWS\WinSxS\amd64_microsoft.windows.common-controls_6595b64144ccf1df_6.0.22621.2070_none_2713e6537381f706;C:\Program Files\Java\jdk-17\bin\server;C:\Program Files\JetBrains\IntelliJ IDEA Community Edition 2021.3.3\bin

VM Arguments:
jvm_args: -javaagent:C:\Program Files\JetBrains\IntelliJ IDEA Community Edition 2021.3.3\lib\idea_rt.jar=64548:C:\Program Files\JetBrains\IntelliJ IDEA Community Edition 2021.3.3\bin -Dfile.encoding=UTF-8 
java_command: com.SupermarketPOS.Backend.BackendApplication
java_class_path (initial): D:\Campus\semester 05\SEP\Project\Supermarket-POS-Backend\target\classes;C:\Users\asus\.m2\repository\org\springframework\boot\spring-boot-starter-data-jpa\3.1.3\spring-boot-starter-data-jpa-3.1.3.jar;C:\Users\asus\.m2\repository\org\springframework\boot\spring-boot-starter-aop\3.1.3\spring-boot-starter-aop-3.1.3.jar;C:\Users\asus\.m2\repository\org\springframework\spring-aop\6.0.11\spring-aop-6.0.11.jar;C:\Users\asus\.m2\repository\org\aspectj\aspectjweaver\1.9.20\aspectjweaver-1.9.20.jar;C:\Users\asus\.m2\repository\org\springframework\boot\spring-boot-starter-jdbc\3.1.3\spring-boot-starter-jdbc-3.1.3.jar;C:\Users\asus\.m2\repository\com\zaxxer\HikariCP\5.0.1\HikariCP-5.0.1.jar;C:\Users\asus\.m2\repository\org\springframework\spring-jdbc\6.0.11\spring-jdbc-6.0.11.jar;C:\Users\asus\.m2\repository\org\hibernate\orm\hibernate-core\6.2.7.Final\hibernate-core-6.2.7.Final.jar;C:\Users\asus\.m2\repository\jakarta\persistence\jakarta.persistence-api\3.1.0\jakarta.persistence-api-3.1.0.jar;C:\Users\asus\.m2\repository\jakarta\transaction\jakarta.transaction-api\2.0.1\jakarta.transaction-api-2.0.1.jar;C:\Users\asus\.m2\repository\org\jboss\logging\jboss-logging\3.5.3.Final\jboss-logging-3.5.3.Final.jar;C:\Users\asus\.m2\repository\org\hibernate\common\hibernate-commons-annotations\6.0.6.Final\hibernate-commons-annotations-6.0.6.Final.jar;C:\Users\asus\.m2\repository\io\smallrye\jandex\3.0.5\jandex-3.0.5.jar;C:\Users\asus\.m2\repository\com\fasterxml\classmate\1.5.1\classmate-1.5.1.jar;C:\Users\asus\.m2\repository\net\bytebuddy\byte-buddy\1.14.6\byte-buddy-1.14.6.jar;C:\Users\asus\.m2\repository\org\glassfish\jaxb\jaxb-runtime\4.0.3\jaxb-runtime-4.0.3.jar;C:\Users\asus\.m2\repository\org\glassfish\jaxb\jaxb-core\4.0.3\jaxb-core-4.0.3.jar;C:\Users\asus\.m2\repository\org\eclipse\angus\angus-activation\2.0.1\angus-activation-2.0.1.jar;C:\Users\asus\.m2\repository\org\glassfish\jaxb\txw2\4.0.3\txw2-4.0.3.jar;C:\Users\asus\.m2\repository\com\sun\ista
Launcher Type: SUN_STANDARD

[Global flags]
     intx CICompilerCount                          = 4                                         {product} {ergonomic}
     uint ConcGCThreads                            = 2                                         {product} {ergonomic}
     uint G1ConcRefinementThreads                  = 8                                         {product} {ergonomic}
   size_t G1HeapRegionSize                         = 2097152                                   {product} {ergonomic}
    uintx GCDrainStackTargetSize                   = 64                                        {product} {ergonomic}
   size_t InitialHeapSize                          = 264241152                                 {product} {ergonomic}
   size_t MarkStackSize                            = 4194304                                   {product} {ergonomic}
   size_t MaxHeapSize                              = 4215275520                                {product} {ergonomic}
   size_t MaxNewSize                               = 2529165312                                {product} {ergonomic}
   size_t MinHeapDeltaBytes                        = 2097152                                   {product} {ergonomic}
   size_t MinHeapSize                              = 8388608                                   {product} {ergonomic}
    uintx NonNMethodCodeHeapSize                   = 5839372                                {pd product} {ergonomic}
    uintx NonProfiledCodeHeapSize                  = 122909434                              {pd product} {ergonomic}
    uintx ProfiledCodeHeapSize                     = 122909434                              {pd product} {ergonomic}
    uintx ReservedCodeCacheSize                    = 251658240                              {pd product} {ergonomic}
     bool SegmentedCodeCache                       = true                                      {product} {ergonomic}
   size_t SoftMaxHeapSize                          = 4215275520                             {manageable} {ergonomic}
     bool UseCompressedClassPointers               = true                           {product lp64_product} {ergonomic}
     bool UseCompressedOops                        = true                           {product lp64_product} {ergonomic}
     bool UseG1GC                                  = true                                      {product} {ergonomic}
     bool UseLargePagesIndividualAllocation        = false                                  {pd product} {ergonomic}

Logging:
Log output configuration:
 #0: stdout all=warning uptime,level,tags
 #1: stderr all=off uptime,level,tags

Environment Variables:
JAVA_HOME=C:\Program Files\Java\jdk-17
PATH=C:\Python311\Scripts\;C:\Python311\;C:\Program Files\Common Files\Oracle\Java\javapath;C:\Windows\system32;C:\Windows;C:\Windows\System32\Wbem;C:\Windows\System32\WindowsPowerShell\v1.0\;C:\Windows\System32\OpenSSH\;C:\Program Files (x86)\NVIDIA Corporation\PhysX\Common;C:\WINDOWS\system32;C:\WINDOWS;C:\WINDOWS\System32\Wbem;C:\WINDOWS\System32\WindowsPowerShell\v1.0\;C:\WINDOWS\System32\OpenSSH\;D:\New folder\runtime\win64;D:\New folder\bin;D:\New folder\polyspace\bin;C:\MinGW\bin;C:\ProgramData\chocolatey\bin;C:\Program Files\Git\cmd;C:\apache-maven-3.8.6\bin;C:\Program Files\MySQL\MySQL Server 8.0\bin;C:\Program Files\nodejs\;C:\Program Files\Java\jdk-17\bin;C:\Program Files (x86)\Microsoft SQL Server\100\Tools\Binn\VSShell\Common7\IDE\;C:\Program Files (x86)\Microsoft SQL Server\100\Tools\Binn\;C:\Program Files\Microsoft SQL Server\100\Tools\Binn\;C:\Program Files (x86)\Microsoft SQL Server\100\DTS\Binn\;C:\Program Files\MySQL\MySQL Shell 8.0\bin\;C:\Users\asus\AppData\Local\Programs\Python\Python36\Scripts\;C:\Users\asus\AppData\Local\Programs\Python\Python36\;C:\Users\asus\AppData\Local\Microsoft\WindowsApps;C:\Program Files\JetBrains\PyCharm Community Edition 2021.2\bin;;C:\Users\asus\AppData\Local\Programs\Microsoft VS Code\bin;C:\mingw32\bin;C:\Python311;C:\Users\asus\AppData\Roaming\npm;C:\Program Files\Java\jdk-17\bin;
USERNAME=asus
OS=Windows_NT
PROCESSOR_IDENTIFIER=Intel64 Family 6 Model 140 Stepping 1, GenuineIntel



---------------  S Y S T E M  ---------------

OS:
 Windows 11 , 64 bit Build 22621 (10.0.22621.2070)
OS uptime: 16 days 16:14 hours

CPU: total 8 (initial active 8) (4 cores per cpu, 2 threads per core) family 6 model 140 stepping 1 microcode 0x86, cx8, cmov, fxsr, ht, mmx, 3dnowpref, sse, sse2, sse3, ssse3, sse4.1, sse4.2, popcnt, lzcnt, tsc, tscinvbit, avx, avx2, aes, erms, clmul, bmi1, bmi2, adx, avx512f, avx512dq, avx512cd, avx512bw, avx512vl, sha, fma, vzeroupper, avx512_vpopcntdq, avx512_vpclmulqdq, avx512_vaes, avx512_vnni, clflush, clflushopt, clwb, avx512_vbmi2, avx512_vbmi

Memory: 4k page, system-wide physical 16075M (3857M free)
TotalPageFile size 25341M (AvailPageFile size 7M)
current process WorkingSet (physical memory assigned to process): 142M, peak: 142M
current process commit charge ("private bytes"): 398M, peak: 398M

vm_info: Java HotSpot(TM) 64-Bit Server VM (17.0.8+9-LTS-211) for windows-amd64 JRE (17.0.8+9-LTS-211), built on Jun 14 2023 10:34:31 by "mach5one" with MS VC++ 17.1 (VS2022)

END.
