#
# There is insufficient memory for the Java Runtime Environment to continue.
# Native memory allocation (mmap) failed to map 65536 bytes for Failed to commit metaspace.
# Possible reasons:
#   The system is out of physical RAM or swap space
#   The process is running with CompressedOops enabled, and the Java Heap may be blocking the growth of the native heap
# Possible solutions:
#   Reduce memory load on the system
#   Increase physical memory or swap space
#   Check if swap backing store is full
#   Decrease Java heap size (-Xmx/-Xms)
#   Decrease number of Java threads
#   Decrease Java thread stack sizes (-Xss)
#   Set larger code cache with -XX:ReservedCodeCacheSize=
#   JVM is running with Zero Based Compressed Oops mode in which the Java heap is
#     placed in the first 32GB address space. The Java Heap base address is the
#     maximum limit for the native heap growth. Please use -XX:HeapBaseMinAddress
#     to set the Java Heap base and to place the Java Heap above 32GB virtual address.
# This output file may be truncated or incomplete.
#
#  Out of Memory Error (virtualSpaceNode.cpp:110), pid=11204, tid=25388
#
# JRE version: Java(TM) SE Runtime Environment (17.0.8+9) (build 17.0.8+9-LTS-211)
# Java VM: Java HotSpot(TM) 64-Bit Server VM (17.0.8+9-LTS-211, mixed mode, sharing, tiered, compressed oops, compressed class ptrs, g1 gc, windows-amd64)
# No core dump will be written. Minidumps are not enabled by default on client versions of Windows
#

---------------  S U M M A R Y ------------

Command Line: -ea -Didea.test.cyclic.buffer.size=1048576 -javaagent:C:\Program Files\JetBrains\IntelliJ IDEA Community Edition 2021.3.3\lib\idea_rt.jar=57846:C:\Program Files\JetBrains\IntelliJ IDEA Community Edition 2021.3.3\bin -Dfile.encoding=UTF-8 com.intellij.rt.junit.JUnitStarter -ideVersion5 -junit5 com.SupermarketPOS.Backend.BackendApplicationTests,contextLoads

Host: 11th Gen Intel(R) Core(TM) i7-1165G7 @ 2.80GHz, 8 cores, 15G,  Windows 11 , 64 bit Build 22621 (10.0.22621.2070)
Time: Tue Oct 10 14:10:02 2023 Sri Lanka Standard Time elapsed time: 0.451779 seconds (0d 0h 0m 0s)

---------------  T H R E A D  ---------------

Current thread (0x00000231c2a84470):  JavaThread "main" [_thread_in_vm, id=25388, stack(0x000000a2af600000,0x000000a2af700000)]

Stack: [0x000000a2af600000,0x000000a2af700000]
Native frames: (J=compiled Java code, j=interpreted, Vv=VM code, C=native code)
V  [jvm.dll+0x677d0a]
V  [jvm.dll+0x7d8c54]
V  [jvm.dll+0x7da3fe]
V  [jvm.dll+0x7daa63]
V  [jvm.dll+0x245c5f]
V  [jvm.dll+0x7d4d5b]
V  [jvm.dll+0x61dcf6]
V  [jvm.dll+0x1c0127]
V  [jvm.dll+0x620650]
V  [jvm.dll+0x61e6b6]
V  [jvm.dll+0x1e819b]
V  [jvm.dll+0x1eaa37]
V  [jvm.dll+0x1e02f1]
V  [jvm.dll+0x53ddbc]
V  [jvm.dll+0x753768]
V  [jvm.dll+0x753854]
V  [jvm.dll+0x40ba4f]
V  [jvm.dll+0x411a69]
C  [java.dll+0x17ec]

Java frames: (J=compiled Java code, j=interpreted, Vv=VM code)
j  java.lang.ClassLoader.defineClass1(Ljava/lang/ClassLoader;Ljava/lang/String;[BIILjava/security/ProtectionDomain;Ljava/lang/String;)Ljava/lang/Class;+0 java.base@17.0.8
j  java.lang.ClassLoader.defineClass(Ljava/lang/String;[BIILjava/security/ProtectionDomain;)Ljava/lang/Class;+27 java.base@17.0.8
j  java.security.SecureClassLoader.defineClass(Ljava/lang/String;[BIILjava/security/CodeSource;)Ljava/lang/Class;+12 java.base@17.0.8
j  jdk.internal.loader.BuiltinClassLoader.defineClass(Ljava/lang/String;Ljdk/internal/loader/Resource;)Ljava/lang/Class;+117 java.base@17.0.8
j  jdk.internal.loader.BuiltinClassLoader.findClassOnClassPathOrNull(Ljava/lang/String;)Ljava/lang/Class;+37 java.base@17.0.8
J 639 c1 jdk.internal.loader.BuiltinClassLoader.loadClassOrNull(Ljava/lang/String;Z)Ljava/lang/Class; java.base@17.0.8 (143 bytes) @ 0x00000231cbc029d4 [0x00000231cbc01ac0+0x0000000000000f14]
j  jdk.internal.loader.BuiltinClassLoader.loadClass(Ljava/lang/String;Z)Ljava/lang/Class;+3 java.base@17.0.8
j  jdk.internal.loader.ClassLoaders$AppClassLoader.loadClass(Ljava/lang/String;Z)Ljava/lang/Class;+36 java.base@17.0.8
j  java.lang.ClassLoader.loadClass(Ljava/lang/String;)Ljava/lang/Class;+3 java.base@17.0.8
v  ~StubRoutines::call_stub
j  java.lang.Class.forName0(Ljava/lang/String;ZLjava/lang/ClassLoader;Ljava/lang/Class;)Ljava/lang/Class;+0 java.base@17.0.8
j  java.lang.Class.forName(Ljava/lang/String;ZLjava/lang/ClassLoader;)Ljava/lang/Class;+43 java.base@17.0.8
j  com.intellij.junit5.JUnit5TestRunnerUtil.isDisabledCondition([Ljava/lang/String;Ljava/lang/ClassLoader;Ljava/lang/reflect/AnnotatedElement;)Z+26
j  com.intellij.junit5.JUnit5TestRunnerUtil.getDisabledCondition(Ljava/lang/ClassLoader;Ljava/lang/reflect/AnnotatedElement;)Ljava/lang/String;+5
j  com.intellij.junit5.JUnit5TestRunnerUtil.getDisabledConditionValue(Ljava/lang/String;)Ljava/lang/String;+61
j  com.intellij.junit5.JUnit5TestRunnerUtil.buildRequest([Ljava/lang/String;[Ljava/lang/String;)Lorg/junit/platform/launcher/LauncherDiscoveryRequest;+440
j  com.intellij.junit5.JUnit5IdeaTestRunner.startRunnerWithArgs([Ljava/lang/String;Ljava/lang/String;IZ)I+39
j  com.intellij.rt.junit.IdeaTestRunner$Repeater$1.execute(Z)I+17
j  com.intellij.rt.execution.junit.TestsRepeater.repeat(IZLcom/intellij/rt/execution/junit/TestsRepeater$TestRun;)I+7
j  com.intellij.rt.junit.IdeaTestRunner$Repeater.startRunnerWithArgs(Lcom/intellij/rt/junit/IdeaTestRunner;[Ljava/lang/String;Ljava/util/ArrayList;Ljava/lang/String;IZ)I+25
j  com.intellij.rt.junit.JUnitStarter.prepareStreamsAndStart([Ljava/lang/String;Ljava/lang/String;Ljava/util/ArrayList;Ljava/lang/String;)I+116
j  com.intellij.rt.junit.JUnitStarter.main([Ljava/lang/String;)V+97
v  ~StubRoutines::call_stub

---------------  P R O C E S S  ---------------

Threads class SMR info:
_java_thread_list=0x00000231e77bf4b0, length=14, elements={
0x00000231c2a84470, 0x00000231e75c2a50, 0x00000231e75c3510, 0x00000231e75d39c0,
0x00000231e75d4480, 0x00000231e75d6d50, 0x00000231e75d7610, 0x00000231e75e43f0,
0x00000231e75e4da0, 0x00000231e75f22d0, 0x00000231e76e1bd0, 0x00000231e76dfa20,
0x00000231e76e20a0, 0x00000231e78834f0
}

Java Threads: ( => current thread )
=>0x00000231c2a84470 JavaThread "main" [_thread_in_vm, id=25388, stack(0x000000a2af600000,0x000000a2af700000)]
  0x00000231e75c2a50 JavaThread "Reference Handler" daemon [_thread_blocked, id=26064, stack(0x000000a2afd00000,0x000000a2afe00000)]
  0x00000231e75c3510 JavaThread "Finalizer" daemon [_thread_blocked, id=16932, stack(0x000000a2afe00000,0x000000a2aff00000)]
  0x00000231e75d39c0 JavaThread "Signal Dispatcher" daemon [_thread_blocked, id=4244, stack(0x000000a2aff00000,0x000000a2b0000000)]
  0x00000231e75d4480 JavaThread "Attach Listener" daemon [_thread_blocked, id=25816, stack(0x000000a2b0000000,0x000000a2b0100000)]
  0x00000231e75d6d50 JavaThread "Service Thread" daemon [_thread_blocked, id=9136, stack(0x000000a2b0100000,0x000000a2b0200000)]
  0x00000231e75d7610 JavaThread "Monitor Deflation Thread" daemon [_thread_blocked, id=3624, stack(0x000000a2b0200000,0x000000a2b0300000)]
  0x00000231e75e43f0 JavaThread "C2 CompilerThread0" daemon [_thread_blocked, id=13900, stack(0x000000a2b0300000,0x000000a2b0400000)]
  0x00000231e75e4da0 JavaThread "C1 CompilerThread0" daemon [_thread_in_native, id=22260, stack(0x000000a2b0400000,0x000000a2b0500000)]
  0x00000231e75f22d0 JavaThread "Sweeper thread" daemon [_thread_blocked, id=13984, stack(0x000000a2b0500000,0x000000a2b0600000)]
  0x00000231e76e1bd0 JavaThread "Common-Cleaner" daemon [_thread_blocked, id=19732, stack(0x000000a2b0600000,0x000000a2b0700000)]
  0x00000231e76dfa20 JavaThread "Monitor Ctrl-Break" daemon [_thread_in_native, id=20128, stack(0x000000a2b0700000,0x000000a2b0800000)]
  0x00000231e76e20a0 JavaThread "Notification Thread" daemon [_thread_blocked, id=20024, stack(0x000000a2b0800000,0x000000a2b0900000)]
  0x00000231e78834f0 JavaThread "C2 CompilerThread1" daemon [_thread_in_native, id=25188, stack(0x000000a2b0a00000,0x000000a2b0b00000)]

Other Threads:
  0x00000231e75bb090 VMThread "VM Thread" [stack: 0x000000a2afc00000,0x000000a2afd00000] [id=1304]
  0x00000231c2b0f860 WatcherThread [stack: 0x000000a2b0900000,0x000000a2b0a00000] [id=22700]
  0x00000231c2aeec40 GCTaskThread "GC Thread#0" [stack: 0x000000a2af700000,0x000000a2af800000] [id=23000]
  0x00000231c2b005e0 ConcurrentGCThread "G1 Main Marker" [stack: 0x000000a2af800000,0x000000a2af900000] [id=9508]
  0x00000231c2b02070 ConcurrentGCThread "G1 Conc#0" [stack: 0x000000a2af900000,0x000000a2afa00000] [id=21964]
  0x00000231e6e17b70 ConcurrentGCThread "G1 Refine#0" [stack: 0x000000a2afa00000,0x000000a2afb00000] [id=4360]
  0x00000231e6e194b0 ConcurrentGCThread "G1 Service" [stack: 0x000000a2afb00000,0x000000a2afc00000] [id=22732]

Threads with active compile tasks:
C1 CompilerThread0      469  692       3       java.net.URLStreamHandler::parseURL (1201 bytes)
C2 CompilerThread1      469  687   !   4       java.util.zip.ZipFile::getEntry (59 bytes)

VM state: not at safepoint (normal execution)

VM Mutex/Monitor currently owned by a thread:  ([mutex/lock_event])
[0x00000231c27a7d30] Metaspace_lock - owner thread: 0x00000231c2a84470

Heap address: 0x0000000704c00000, size: 4020 MB, Compressed Oops mode: Zero based, Oop shift amount: 3

CDS archive(s) mapped at: [0x0000023180000000-0x0000023180bd0000-0x0000023180bd0000), size 12386304, SharedBaseAddress: 0x0000023180000000, ArchiveRelocationMode: 1.
Compressed class space mapped at: 0x0000023181000000-0x00000231c1000000, reserved size: 1073741824
Narrow klass base: 0x0000023180000000, Narrow klass shift: 0, Narrow klass range: 0x100000000

GC Precious Log:
 CPUs: 8 total, 8 available
 Memory: 16075M
 Large Page Support: Disabled
 NUMA Support: Disabled
 Compressed Oops: Enabled (Zero based)
 Heap Region Size: 2M
 Heap Min Capacity: 8M
 Heap Initial Capacity: 252M
 Heap Max Capacity: 4020M
 Pre-touch: Disabled
 Parallel Workers: 8
 Concurrent Workers: 2
 Concurrent Refinement Workers: 8
 Periodic GC: Disabled

Heap:
 garbage-first heap   total 258048K, used 12288K [0x0000000704c00000, 0x0000000800000000)
  region size 2048K, 8 young (16384K), 0 survivors (0K)
 Metaspace       used 2375K, committed 2496K, reserved 1114112K
  class space    used 225K, committed 320K, reserved 1048576K

Heap Regions: E=young(eden), S=young(survivor), O=old, HS=humongous(starts), HC=humongous(continues), CS=collection set, F=free, OA=open archive, CA=closed archive, TAMS=top-at-mark-start (previous, next)
|   0|0x0000000704c00000, 0x0000000704c00000, 0x0000000704e00000|  0%| F|  |TAMS 0x0000000704c00000, 0x0000000704c00000| Untracked 
|   1|0x0000000704e00000, 0x0000000704e00000, 0x0000000705000000|  0%| F|  |TAMS 0x0000000704e00000, 0x0000000704e00000| Untracked 
|   2|0x0000000705000000, 0x0000000705000000, 0x0000000705200000|  0%| F|  |TAMS 0x0000000705000000, 0x0000000705000000| Untracked 
|   3|0x0000000705200000, 0x0000000705200000, 0x0000000705400000|  0%| F|  |TAMS 0x0000000705200000, 0x0000000705200000| Untracked 
|   4|0x0000000705400000, 0x0000000705400000, 0x0000000705600000|  0%| F|  |TAMS 0x0000000705400000, 0x0000000705400000| Untracked 
|   5|0x0000000705600000, 0x0000000705600000, 0x0000000705800000|  0%| F|  |TAMS 0x0000000705600000, 0x0000000705600000| Untracked 
|   6|0x0000000705800000, 0x0000000705800000, 0x0000000705a00000|  0%| F|  |TAMS 0x0000000705800000, 0x0000000705800000| Untracked 
|   7|0x0000000705a00000, 0x0000000705a00000, 0x0000000705c00000|  0%| F|  |TAMS 0x0000000705a00000, 0x0000000705a00000| Untracked 
|   8|0x0000000705c00000, 0x0000000705c00000, 0x0000000705e00000|  0%| F|  |TAMS 0x0000000705c00000, 0x0000000705c00000| Untracked 
|   9|0x0000000705e00000, 0x0000000705e00000, 0x0000000706000000|  0%| F|  |TAMS 0x0000000705e00000, 0x0000000705e00000| Untracked 
|  10|0x0000000706000000, 0x0000000706000000, 0x0000000706200000|  0%| F|  |TAMS 0x0000000706000000, 0x0000000706000000| Untracked 
|  11|0x0000000706200000, 0x0000000706200000, 0x0000000706400000|  0%| F|  |TAMS 0x0000000706200000, 0x0000000706200000| Untracked 
|  12|0x0000000706400000, 0x0000000706400000, 0x0000000706600000|  0%| F|  |TAMS 0x0000000706400000, 0x0000000706400000| Untracked 
|  13|0x0000000706600000, 0x0000000706600000, 0x0000000706800000|  0%| F|  |TAMS 0x0000000706600000, 0x0000000706600000| Untracked 
|  14|0x0000000706800000, 0x0000000706800000, 0x0000000706a00000|  0%| F|  |TAMS 0x0000000706800000, 0x0000000706800000| Untracked 
|  15|0x0000000706a00000, 0x0000000706a00000, 0x0000000706c00000|  0%| F|  |TAMS 0x0000000706a00000, 0x0000000706a00000| Untracked 
|  16|0x0000000706c00000, 0x0000000706c00000, 0x0000000706e00000|  0%| F|  |TAMS 0x0000000706c00000, 0x0000000706c00000| Untracked 
|  17|0x0000000706e00000, 0x0000000706e00000, 0x0000000707000000|  0%| F|  |TAMS 0x0000000706e00000, 0x0000000706e00000| Untracked 
|  18|0x0000000707000000, 0x0000000707000000, 0x0000000707200000|  0%| F|  |TAMS 0x0000000707000000, 0x0000000707000000| Untracked 
|  19|0x0000000707200000, 0x0000000707200000, 0x0000000707400000|  0%| F|  |TAMS 0x0000000707200000, 0x0000000707200000| Untracked 
|  20|0x0000000707400000, 0x0000000707400000, 0x0000000707600000|  0%| F|  |TAMS 0x0000000707400000, 0x0000000707400000| Untracked 
|  21|0x0000000707600000, 0x0000000707600000, 0x0000000707800000|  0%| F|  |TAMS 0x0000000707600000, 0x0000000707600000| Untracked 
|  22|0x0000000707800000, 0x0000000707800000, 0x0000000707a00000|  0%| F|  |TAMS 0x0000000707800000, 0x0000000707800000| Untracked 
|  23|0x0000000707a00000, 0x0000000707a00000, 0x0000000707c00000|  0%| F|  |TAMS 0x0000000707a00000, 0x0000000707a00000| Untracked 
|  24|0x0000000707c00000, 0x0000000707c00000, 0x0000000707e00000|  0%| F|  |TAMS 0x0000000707c00000, 0x0000000707c00000| Untracked 
|  25|0x0000000707e00000, 0x0000000707e00000, 0x0000000708000000|  0%| F|  |TAMS 0x0000000707e00000, 0x0000000707e00000| Untracked 
|  26|0x0000000708000000, 0x0000000708000000, 0x0000000708200000|  0%| F|  |TAMS 0x0000000708000000, 0x0000000708000000| Untracked 
|  27|0x0000000708200000, 0x0000000708200000, 0x0000000708400000|  0%| F|  |TAMS 0x0000000708200000, 0x0000000708200000| Untracked 
|  28|0x0000000708400000, 0x0000000708400000, 0x0000000708600000|  0%| F|  |TAMS 0x0000000708400000, 0x0000000708400000| Untracked 
|  29|0x0000000708600000, 0x0000000708600000, 0x0000000708800000|  0%| F|  |TAMS 0x0000000708600000, 0x0000000708600000| Untracked 
|  30|0x0000000708800000, 0x0000000708800000, 0x0000000708a00000|  0%| F|  |TAMS 0x0000000708800000, 0x0000000708800000| Untracked 
|  31|0x0000000708a00000, 0x0000000708a00000, 0x0000000708c00000|  0%| F|  |TAMS 0x0000000708a00000, 0x0000000708a00000| Untracked 
|  32|0x0000000708c00000, 0x0000000708c00000, 0x0000000708e00000|  0%| F|  |TAMS 0x0000000708c00000, 0x0000000708c00000| Untracked 
|  33|0x0000000708e00000, 0x0000000708e00000, 0x0000000709000000|  0%| F|  |TAMS 0x0000000708e00000, 0x0000000708e00000| Untracked 
|  34|0x0000000709000000, 0x0000000709000000, 0x0000000709200000|  0%| F|  |TAMS 0x0000000709000000, 0x0000000709000000| Untracked 
|  35|0x0000000709200000, 0x0000000709200000, 0x0000000709400000|  0%| F|  |TAMS 0x0000000709200000, 0x0000000709200000| Untracked 
|  36|0x0000000709400000, 0x0000000709400000, 0x0000000709600000|  0%| F|  |TAMS 0x0000000709400000, 0x0000000709400000| Untracked 
|  37|0x0000000709600000, 0x0000000709600000, 0x0000000709800000|  0%| F|  |TAMS 0x0000000709600000, 0x0000000709600000| Untracked 
|  38|0x0000000709800000, 0x0000000709800000, 0x0000000709a00000|  0%| F|  |TAMS 0x0000000709800000, 0x0000000709800000| Untracked 
|  39|0x0000000709a00000, 0x0000000709a00000, 0x0000000709c00000|  0%| F|  |TAMS 0x0000000709a00000, 0x0000000709a00000| Untracked 
|  40|0x0000000709c00000, 0x0000000709c00000, 0x0000000709e00000|  0%| F|  |TAMS 0x0000000709c00000, 0x0000000709c00000| Untracked 
|  41|0x0000000709e00000, 0x0000000709e00000, 0x000000070a000000|  0%| F|  |TAMS 0x0000000709e00000, 0x0000000709e00000| Untracked 
|  42|0x000000070a000000, 0x000000070a000000, 0x000000070a200000|  0%| F|  |TAMS 0x000000070a000000, 0x000000070a000000| Untracked 
|  43|0x000000070a200000, 0x000000070a200000, 0x000000070a400000|  0%| F|  |TAMS 0x000000070a200000, 0x000000070a200000| Untracked 
|  44|0x000000070a400000, 0x000000070a400000, 0x000000070a600000|  0%| F|  |TAMS 0x000000070a400000, 0x000000070a400000| Untracked 
|  45|0x000000070a600000, 0x000000070a600000, 0x000000070a800000|  0%| F|  |TAMS 0x000000070a600000, 0x000000070a600000| Untracked 
|  46|0x000000070a800000, 0x000000070a800000, 0x000000070aa00000|  0%| F|  |TAMS 0x000000070a800000, 0x000000070a800000| Untracked 
|  47|0x000000070aa00000, 0x000000070aa00000, 0x000000070ac00000|  0%| F|  |TAMS 0x000000070aa00000, 0x000000070aa00000| Untracked 
|  48|0x000000070ac00000, 0x000000070ac00000, 0x000000070ae00000|  0%| F|  |TAMS 0x000000070ac00000, 0x000000070ac00000| Untracked 
|  49|0x000000070ae00000, 0x000000070ae00000, 0x000000070b000000|  0%| F|  |TAMS 0x000000070ae00000, 0x000000070ae00000| Untracked 
|  50|0x000000070b000000, 0x000000070b000000, 0x000000070b200000|  0%| F|  |TAMS 0x000000070b000000, 0x000000070b000000| Untracked 
|  51|0x000000070b200000, 0x000000070b200000, 0x000000070b400000|  0%| F|  |TAMS 0x000000070b200000, 0x000000070b200000| Untracked 
|  52|0x000000070b400000, 0x000000070b400000, 0x000000070b600000|  0%| F|  |TAMS 0x000000070b400000, 0x000000070b400000| Untracked 
|  53|0x000000070b600000, 0x000000070b600000, 0x000000070b800000|  0%| F|  |TAMS 0x000000070b600000, 0x000000070b600000| Untracked 
|  54|0x000000070b800000, 0x000000070b800000, 0x000000070ba00000|  0%| F|  |TAMS 0x000000070b800000, 0x000000070b800000| Untracked 
|  55|0x000000070ba00000, 0x000000070ba00000, 0x000000070bc00000|  0%| F|  |TAMS 0x000000070ba00000, 0x000000070ba00000| Untracked 
|  56|0x000000070bc00000, 0x000000070bc00000, 0x000000070be00000|  0%| F|  |TAMS 0x000000070bc00000, 0x000000070bc00000| Untracked 
|  57|0x000000070be00000, 0x000000070be00000, 0x000000070c000000|  0%| F|  |TAMS 0x000000070be00000, 0x000000070be00000| Untracked 
|  58|0x000000070c000000, 0x000000070c000000, 0x000000070c200000|  0%| F|  |TAMS 0x000000070c000000, 0x000000070c000000| Untracked 
|  59|0x000000070c200000, 0x000000070c200000, 0x000000070c400000|  0%| F|  |TAMS 0x000000070c200000, 0x000000070c200000| Untracked 
|  60|0x000000070c400000, 0x000000070c400000, 0x000000070c600000|  0%| F|  |TAMS 0x000000070c400000, 0x000000070c400000| Untracked 
|  61|0x000000070c600000, 0x000000070c600000, 0x000000070c800000|  0%| F|  |TAMS 0x000000070c600000, 0x000000070c600000| Untracked 
|  62|0x000000070c800000, 0x000000070c800000, 0x000000070ca00000|  0%| F|  |TAMS 0x000000070c800000, 0x000000070c800000| Untracked 
|  63|0x000000070ca00000, 0x000000070ca00000, 0x000000070cc00000|  0%| F|  |TAMS 0x000000070ca00000, 0x000000070ca00000| Untracked 
|  64|0x000000070cc00000, 0x000000070cc00000, 0x000000070ce00000|  0%| F|  |TAMS 0x000000070cc00000, 0x000000070cc00000| Untracked 
|  65|0x000000070ce00000, 0x000000070ce00000, 0x000000070d000000|  0%| F|  |TAMS 0x000000070ce00000, 0x000000070ce00000| Untracked 
|  66|0x000000070d000000, 0x000000070d000000, 0x000000070d200000|  0%| F|  |TAMS 0x000000070d000000, 0x000000070d000000| Untracked 
|  67|0x000000070d200000, 0x000000070d200000, 0x000000070d400000|  0%| F|  |TAMS 0x000000070d200000, 0x000000070d200000| Untracked 
|  68|0x000000070d400000, 0x000000070d400000, 0x000000070d600000|  0%| F|  |TAMS 0x000000070d400000, 0x000000070d400000| Untracked 
|  69|0x000000070d600000, 0x000000070d600000, 0x000000070d800000|  0%| F|  |TAMS 0x000000070d600000, 0x000000070d600000| Untracked 
|  70|0x000000070d800000, 0x000000070d800000, 0x000000070da00000|  0%| F|  |TAMS 0x000000070d800000, 0x000000070d800000| Untracked 
|  71|0x000000070da00000, 0x000000070da00000, 0x000000070dc00000|  0%| F|  |TAMS 0x000000070da00000, 0x000000070da00000| Untracked 
|  72|0x000000070dc00000, 0x000000070dc00000, 0x000000070de00000|  0%| F|  |TAMS 0x000000070dc00000, 0x000000070dc00000| Untracked 
|  73|0x000000070de00000, 0x000000070de00000, 0x000000070e000000|  0%| F|  |TAMS 0x000000070de00000, 0x000000070de00000| Untracked 
|  74|0x000000070e000000, 0x000000070e000000, 0x000000070e200000|  0%| F|  |TAMS 0x000000070e000000, 0x000000070e000000| Untracked 
|  75|0x000000070e200000, 0x000000070e200000, 0x000000070e400000|  0%| F|  |TAMS 0x000000070e200000, 0x000000070e200000| Untracked 
|  76|0x000000070e400000, 0x000000070e400000, 0x000000070e600000|  0%| F|  |TAMS 0x000000070e400000, 0x000000070e400000| Untracked 
|  77|0x000000070e600000, 0x000000070e600000, 0x000000070e800000|  0%| F|  |TAMS 0x000000070e600000, 0x000000070e600000| Untracked 
|  78|0x000000070e800000, 0x000000070e800000, 0x000000070ea00000|  0%| F|  |TAMS 0x000000070e800000, 0x000000070e800000| Untracked 
|  79|0x000000070ea00000, 0x000000070ea00000, 0x000000070ec00000|  0%| F|  |TAMS 0x000000070ea00000, 0x000000070ea00000| Untracked 
|  80|0x000000070ec00000, 0x000000070ec00000, 0x000000070ee00000|  0%| F|  |TAMS 0x000000070ec00000, 0x000000070ec00000| Untracked 
|  81|0x000000070ee00000, 0x000000070ee00000, 0x000000070f000000|  0%| F|  |TAMS 0x000000070ee00000, 0x000000070ee00000| Untracked 
|  82|0x000000070f000000, 0x000000070f000000, 0x000000070f200000|  0%| F|  |TAMS 0x000000070f000000, 0x000000070f000000| Untracked 
|  83|0x000000070f200000, 0x000000070f200000, 0x000000070f400000|  0%| F|  |TAMS 0x000000070f200000, 0x000000070f200000| Untracked 
|  84|0x000000070f400000, 0x000000070f400000, 0x000000070f600000|  0%| F|  |TAMS 0x000000070f400000, 0x000000070f400000| Untracked 
|  85|0x000000070f600000, 0x000000070f600000, 0x000000070f800000|  0%| F|  |TAMS 0x000000070f600000, 0x000000070f600000| Untracked 
|  86|0x000000070f800000, 0x000000070f800000, 0x000000070fa00000|  0%| F|  |TAMS 0x000000070f800000, 0x000000070f800000| Untracked 
|  87|0x000000070fa00000, 0x000000070fa00000, 0x000000070fc00000|  0%| F|  |TAMS 0x000000070fa00000, 0x000000070fa00000| Untracked 
|  88|0x000000070fc00000, 0x000000070fc00000, 0x000000070fe00000|  0%| F|  |TAMS 0x000000070fc00000, 0x000000070fc00000| Untracked 
|  89|0x000000070fe00000, 0x000000070fe00000, 0x0000000710000000|  0%| F|  |TAMS 0x000000070fe00000, 0x000000070fe00000| Untracked 
|  90|0x0000000710000000, 0x0000000710000000, 0x0000000710200000|  0%| F|  |TAMS 0x0000000710000000, 0x0000000710000000| Untracked 
|  91|0x0000000710200000, 0x0000000710200000, 0x0000000710400000|  0%| F|  |TAMS 0x0000000710200000, 0x0000000710200000| Untracked 
|  92|0x0000000710400000, 0x0000000710400000, 0x0000000710600000|  0%| F|  |TAMS 0x0000000710400000, 0x0000000710400000| Untracked 
|  93|0x0000000710600000, 0x0000000710600000, 0x0000000710800000|  0%| F|  |TAMS 0x0000000710600000, 0x0000000710600000| Untracked 
|  94|0x0000000710800000, 0x0000000710800000, 0x0000000710a00000|  0%| F|  |TAMS 0x0000000710800000, 0x0000000710800000| Untracked 
|  95|0x0000000710a00000, 0x0000000710a00000, 0x0000000710c00000|  0%| F|  |TAMS 0x0000000710a00000, 0x0000000710a00000| Untracked 
|  96|0x0000000710c00000, 0x0000000710c00000, 0x0000000710e00000|  0%| F|  |TAMS 0x0000000710c00000, 0x0000000710c00000| Untracked 
|  97|0x0000000710e00000, 0x0000000710e00000, 0x0000000711000000|  0%| F|  |TAMS 0x0000000710e00000, 0x0000000710e00000| Untracked 
|  98|0x0000000711000000, 0x0000000711000000, 0x0000000711200000|  0%| F|  |TAMS 0x0000000711000000, 0x0000000711000000| Untracked 
|  99|0x0000000711200000, 0x0000000711200000, 0x0000000711400000|  0%| F|  |TAMS 0x0000000711200000, 0x0000000711200000| Untracked 
| 100|0x0000000711400000, 0x0000000711400000, 0x0000000711600000|  0%| F|  |TAMS 0x0000000711400000, 0x0000000711400000| Untracked 
| 101|0x0000000711600000, 0x0000000711600000, 0x0000000711800000|  0%| F|  |TAMS 0x0000000711600000, 0x0000000711600000| Untracked 
| 102|0x0000000711800000, 0x0000000711800000, 0x0000000711a00000|  0%| F|  |TAMS 0x0000000711800000, 0x0000000711800000| Untracked 
| 103|0x0000000711a00000, 0x0000000711a00000, 0x0000000711c00000|  0%| F|  |TAMS 0x0000000711a00000, 0x0000000711a00000| Untracked 
| 104|0x0000000711c00000, 0x0000000711c00000, 0x0000000711e00000|  0%| F|  |TAMS 0x0000000711c00000, 0x0000000711c00000| Untracked 
| 105|0x0000000711e00000, 0x0000000711e00000, 0x0000000712000000|  0%| F|  |TAMS 0x0000000711e00000, 0x0000000711e00000| Untracked 
| 106|0x0000000712000000, 0x0000000712000000, 0x0000000712200000|  0%| F|  |TAMS 0x0000000712000000, 0x0000000712000000| Untracked 
| 107|0x0000000712200000, 0x0000000712200000, 0x0000000712400000|  0%| F|  |TAMS 0x0000000712200000, 0x0000000712200000| Untracked 
| 108|0x0000000712400000, 0x0000000712400000, 0x0000000712600000|  0%| F|  |TAMS 0x0000000712400000, 0x0000000712400000| Untracked 
| 109|0x0000000712600000, 0x0000000712600000, 0x0000000712800000|  0%| F|  |TAMS 0x0000000712600000, 0x0000000712600000| Untracked 
| 110|0x0000000712800000, 0x0000000712800000, 0x0000000712a00000|  0%| F|  |TAMS 0x0000000712800000, 0x0000000712800000| Untracked 
| 111|0x0000000712a00000, 0x0000000712a00000, 0x0000000712c00000|  0%| F|  |TAMS 0x0000000712a00000, 0x0000000712a00000| Untracked 
| 112|0x0000000712c00000, 0x0000000712c00000, 0x0000000712e00000|  0%| F|  |TAMS 0x0000000712c00000, 0x0000000712c00000| Untracked 
| 113|0x0000000712e00000, 0x0000000712e00000, 0x0000000713000000|  0%| F|  |TAMS 0x0000000712e00000, 0x0000000712e00000| Untracked 
| 114|0x0000000713000000, 0x0000000713000000, 0x0000000713200000|  0%| F|  |TAMS 0x0000000713000000, 0x0000000713000000| Untracked 
| 115|0x0000000713200000, 0x0000000713200000, 0x0000000713400000|  0%| F|  |TAMS 0x0000000713200000, 0x0000000713200000| Untracked 
| 116|0x0000000713400000, 0x0000000713400000, 0x0000000713600000|  0%| F|  |TAMS 0x0000000713400000, 0x0000000713400000| Untracked 
| 117|0x0000000713600000, 0x0000000713600000, 0x0000000713800000|  0%| F|  |TAMS 0x0000000713600000, 0x0000000713600000| Untracked 
| 118|0x0000000713800000, 0x0000000713871a48, 0x0000000713a00000| 22%| E|  |TAMS 0x0000000713800000, 0x0000000713800000| Complete 
| 119|0x0000000713a00000, 0x0000000713c00000, 0x0000000713c00000|100%| E|CS|TAMS 0x0000000713a00000, 0x0000000713a00000| Complete 
| 120|0x0000000713c00000, 0x0000000713e00000, 0x0000000713e00000|100%| E|CS|TAMS 0x0000000713c00000, 0x0000000713c00000| Complete 
| 121|0x0000000713e00000, 0x0000000714000000, 0x0000000714000000|100%| E|CS|TAMS 0x0000000713e00000, 0x0000000713e00000| Complete 
| 122|0x0000000714000000, 0x0000000714200000, 0x0000000714200000|100%| E|CS|TAMS 0x0000000714000000, 0x0000000714000000| Complete 
| 123|0x0000000714200000, 0x0000000714400000, 0x0000000714400000|100%| E|CS|TAMS 0x0000000714200000, 0x0000000714200000| Complete 
| 124|0x0000000714400000, 0x0000000714600000, 0x0000000714600000|100%| E|  |TAMS 0x0000000714400000, 0x0000000714400000| Complete 
| 125|0x0000000714600000, 0x0000000714800000, 0x0000000714800000|100%| E|CS|TAMS 0x0000000714600000, 0x0000000714600000| Complete 

Card table byte_map: [0x00000231dbd40000,0x00000231dc520000] _byte_map_base: 0x00000231d851a000

Marking Bits (Prev, Next): (CMBitMap*) 0x00000231c2af0170, (CMBitMap*) 0x00000231c2af01b0
 Prev Bits: [0x00000231dcd00000, 0x00000231e0bd0000)
 Next Bits: [0x00000231e0bd0000, 0x00000231e4aa0000)

Polling page: 0x00000231c2b40000

Metaspace:

Usage:
  Non-class:      2.10 MB used.
      Class:    225.49 KB used.
       Both:      2.32 MB used.

Virtual space:
  Non-class space:       64.00 MB reserved,       2.12 MB (  3%) committed,  1 nodes.
      Class space:        1.00 GB reserved,     320.00 KB ( <1%) committed,  1 nodes.
             Both:        1.06 GB reserved,       2.44 MB ( <1%) committed. 

Chunk freelists:
   Non-Class:  11.48 MB
       Class:  15.66 MB
        Both:  27.14 MB

MaxMetaspaceSize: unlimited
CompressedClassSpaceSize: 1.00 GB
Initial GC threshold: 21.00 MB
Current GC threshold: 21.00 MB
CDS: on
MetaspaceReclaimPolicy: balanced
 - commit_granule_bytes: 65536.
 - commit_granule_words: 8192.
 - virtual_space_node_default_size: 8388608.
 - enlarge_chunks_in_place: 1.
 - new_chunks_are_fully_committed: 0.
 - uncommit_free_chunks: 1.
 - use_allocation_guard: 0.
 - handle_deallocations: 1.


Internal statistics:

num_allocs_failed_limit: 0.
num_arena_births: 24.
num_arena_deaths: 0.
num_vsnodes_births: 2.
num_vsnodes_deaths: 0.
num_space_committed: 39.
num_space_uncommitted: 0.
num_chunks_returned_to_freelist: 0.
num_chunks_taken_from_freelist: 75.
num_chunk_merges: 0.
num_chunk_splits: 33.
num_chunks_enlarged: 17.
num_purges: 0.
num_inconsistent_stats: 0.

CodeHeap 'non-profiled nmethods': size=120000Kb used=224Kb max_used=224Kb free=119775Kb
 bounds [0x00000231d35d0000, 0x00000231d3840000, 0x00000231dab00000]
CodeHeap 'profiled nmethods': size=120000Kb used=1154Kb max_used=1154Kb free=118845Kb
 bounds [0x00000231cbb00000, 0x00000231cbd70000, 0x00000231d3030000]
CodeHeap 'non-nmethods': size=5760Kb used=1159Kb max_used=1160Kb free=4601Kb
 bounds [0x00000231d3030000, 0x00000231d32a0000, 0x00000231d35d0000]
 total_blobs=1106 nmethods=693 adapters=324
 compilation: enabled
              stopped_count=0, restarted_count=0
 full_count=0

Compilation events (20 events):
Event: 0.437 Thread 0x00000231e75e4da0  684       3       jdk.internal.org.objectweb.asm.Frame::getInputStackSize (6 bytes)
Event: 0.437 Thread 0x00000231e75e4da0 nmethod 684 0x00000231cbc1e210 code [0x00000231cbc1e3a0, 0x00000231cbc1e4b8]
Event: 0.438 Thread 0x00000231e75e43f0  685       4       jdk.internal.misc.Unsafe::putReferenceRelease (9 bytes)
Event: 0.439 Thread 0x00000231e75e43f0 nmethod 685 0x00000231d3605990 code [0x00000231d3605b00, 0x00000231d3605c38]
Event: 0.439 Thread 0x00000231e75e43f0  686   !   4       java.util.zip.ZipFile$Source::getEntryPos (173 bytes)
Event: 0.439 Thread 0x00000231e75e4da0  688       3       java.lang.String::getChars (54 bytes)
Event: 0.440 Thread 0x00000231e75e4da0 nmethod 688 0x00000231cbc1e590 code [0x00000231cbc1e780, 0x00000231cbc1ebf8]
Event: 0.440 Thread 0x00000231e75e4da0  689       3       java.lang.StringLatin1::getChars (12 bytes)
Event: 0.440 Thread 0x00000231e78834f0 nmethod 681 0x00000231d3605c90 code [0x00000231d3605e20, 0x00000231d3606128]
Event: 0.440 Thread 0x00000231e78834f0  687   !   4       java.util.zip.ZipFile::getEntry (59 bytes)
Event: 0.440 Thread 0x00000231e75e4da0 nmethod 689 0x00000231cbc1ee10 code [0x00000231cbc1efa0, 0x00000231cbc1f0c8]
Event: 0.441 Thread 0x00000231e75e4da0  690       3       jdk.internal.loader.URLClassPath::getResource (74 bytes)
Event: 0.442 Thread 0x00000231e75e4da0 nmethod 690 0x00000231cbc1f190 code [0x00000231cbc1f360, 0x00000231cbc1f6b8]
Event: 0.442 Thread 0x00000231e75e4da0  693       3       java.lang.String::indexOf (64 bytes)
Event: 0.442 Thread 0x00000231e75e4da0 nmethod 693 0x00000231cbc1f810 code [0x00000231cbc1fa20, 0x00000231cbc1ff08]
Event: 0.442 Thread 0x00000231e75e4da0  694       3       java.lang.StringLatin1::indexOf (25 bytes)
Event: 0.442 Thread 0x00000231e75e4da0 nmethod 694 0x00000231cbc20090 code [0x00000231cbc20240, 0x00000231cbc20448]
Event: 0.442 Thread 0x00000231e75e4da0  691       3       sun.net.www.protocol.file.Handler::parseURL (18 bytes)
Event: 0.442 Thread 0x00000231e75e4da0 nmethod 691 0x00000231cbc20510 code [0x00000231cbc206c0, 0x00000231cbc20878]
Event: 0.442 Thread 0x00000231e75e4da0  692       3       java.net.URLStreamHandler::parseURL (1201 bytes)

GC Heap History (0 events):
No events

Deoptimization events (20 events):
Event: 0.183 Thread 0x00000231c2a84470 DEOPT PACKING pc=0x00000231d35ddfd0 sp=0x000000a2af6fa400
Event: 0.183 Thread 0x00000231c2a84470 DEOPT UNPACKING pc=0x00000231d3085ba3 sp=0x000000a2af6fa380 mode 2
Event: 0.195 Thread 0x00000231c2a84470 DEOPT PACKING pc=0x00000231cbb079d1 sp=0x000000a2af6fa660
Event: 0.195 Thread 0x00000231c2a84470 DEOPT UNPACKING pc=0x00000231d30866e3 sp=0x000000a2af6f9ad8 mode 0
Event: 0.198 Thread 0x00000231c2a84470 Uncommon trap: trap_request=0xffffff45 fr.pc=0x00000231d35e2d40 relative=0x0000000000000680
Event: 0.198 Thread 0x00000231c2a84470 Uncommon trap: reason=unstable_if action=reinterpret pc=0x00000231d35e2d40 method=java.util.zip.ZipFile$Source.checkAndAddEntry(II)I @ 50 c2
Event: 0.198 Thread 0x00000231c2a84470 DEOPT PACKING pc=0x00000231d35e2d40 sp=0x000000a2af6fa4a0
Event: 0.198 Thread 0x00000231c2a84470 DEOPT UNPACKING pc=0x00000231d3085ba3 sp=0x000000a2af6fa410 mode 2
Event: 0.338 Thread 0x00000231c2a84470 DEOPT PACKING pc=0x00000231cbb56b04 sp=0x000000a2af6fbe20
Event: 0.338 Thread 0x00000231c2a84470 DEOPT UNPACKING pc=0x00000231d30866e3 sp=0x000000a2af6fb2d0 mode 0
Event: 0.418 Thread 0x00000231c2a84470 DEOPT PACKING pc=0x00000231cbb0d6e5 sp=0x000000a2af6fd690
Event: 0.418 Thread 0x00000231c2a84470 DEOPT UNPACKING pc=0x00000231d30866e3 sp=0x000000a2af6fcb08 mode 0
Event: 0.420 Thread 0x00000231c2a84470 Uncommon trap: trap_request=0xffffffde fr.pc=0x00000231d35e7878 relative=0x0000000000000478
Event: 0.420 Thread 0x00000231c2a84470 Uncommon trap: reason=class_check action=maybe_recompile pc=0x00000231d35e7878 method=java.util.HashMap.putVal(ILjava/lang/Object;Ljava/lang/Object;ZZ)Ljava/lang/Object; @ 253 c2
Event: 0.420 Thread 0x00000231c2a84470 DEOPT PACKING pc=0x00000231d35e7878 sp=0x000000a2af6fe8f0
Event: 0.420 Thread 0x00000231c2a84470 DEOPT UNPACKING pc=0x00000231d3085ba3 sp=0x000000a2af6fe890 mode 2
Event: 0.436 Thread 0x00000231c2a84470 Uncommon trap: trap_request=0xffffffde fr.pc=0x00000231d35e7878 relative=0x0000000000000478
Event: 0.436 Thread 0x00000231c2a84470 Uncommon trap: reason=class_check action=maybe_recompile pc=0x00000231d35e7878 method=java.util.HashMap.putVal(ILjava/lang/Object;Ljava/lang/Object;ZZ)Ljava/lang/Object; @ 253 c2
Event: 0.436 Thread 0x00000231c2a84470 DEOPT PACKING pc=0x00000231d35e7878 sp=0x000000a2af6fe7b0
Event: 0.436 Thread 0x00000231c2a84470 DEOPT UNPACKING pc=0x00000231d3085ba3 sp=0x000000a2af6fe750 mode 2

Classes unloaded (0 events):
No events

Classes redefined (0 events):
No events

Internal exceptions (7 events):
Event: 0.173 Thread 0x00000231e76dfa20 Exception <a 'java/lang/NoSuchMethodError'{0x0000000714475970}: 'java.lang.Object java.lang.invoke.DirectMethodHandle$Holder.invokeStaticInit(java.lang.Object)'> (0x0000000714475970) 
thrown [s\open\src\hotspot\share\interpreter\linkResolver.cpp, line 759]
Event: 0.180 Thread 0x00000231e76dfa20 Exception <a 'java/lang/NoSuchMethodError'{0x00000007144836b0}: 'void java.lang.invoke.DirectMethodHandle$Holder.invokeStatic(java.lang.Object, java.lang.Object)'> (0x00000007144836b0) 
thrown [s\open\src\hotspot\share\interpreter\linkResolver.cpp, line 759]
Event: 0.260 Thread 0x00000231c2a84470 Exception <a 'java/lang/NoSuchMethodError'{0x00000007141bcd78}: 'java.lang.Object java.lang.invoke.DirectMethodHandle$Holder.invokeStaticInit(java.lang.Object, int)'> (0x00000007141bcd78) 
thrown [s\open\src\hotspot\share\interpreter\linkResolver.cpp, line 759]
Event: 0.275 Thread 0x00000231c2a84470 Exception <a 'java/lang/NoSuchMethodError'{0x0000000713e01ab8}: 'java.lang.Object java.lang.invoke.DirectMethodHandle$Holder.invokeInterface(java.lang.Object, java.lang.Object)'> (0x0000000713e01ab8) 
thrown [s\open\src\hotspot\share\interpreter\linkResolver.cpp, line 759]
Event: 0.369 Thread 0x00000231c2a84470 Exception <a 'java/lang/NoSuchMethodError'{0x0000000713a516b8}: 'void java.lang.invoke.DirectMethodHandle$Holder.invokeStatic(java.lang.Object, java.lang.Object, java.lang.Object)'> (0x0000000713a516b8) 
thrown [s\open\src\hotspot\share\interpreter\linkResolver.cpp, line 759]
Event: 0.387 Thread 0x00000231c2a84470 Exception <a 'java/lang/NoSuchMethodError'{0x0000000713ac9838}: 'java.lang.Object java.lang.invoke.DirectMethodHandle$Holder.invokeVirtual(java.lang.Object, java.lang.Object, java.lang.Object)'> (0x0000000713ac9838) 
thrown [s\open\src\hotspot\share\interpreter\linkResolver.cpp, line 759]
Event: 0.405 Thread 0x00000231c2a84470 Exception <a 'java/lang/NoSuchMethodError'{0x0000000713b365d8}: 'java.lang.Object java.lang.invoke.DirectMethodHandle$Holder.newInvokeSpecial(java.lang.Object, java.lang.Object, java.lang.Object, java.lang.Object, java.lang.Object)'> (0x0000000713b365d8) 
thrown [s\open\src\hotspot\share\interpreter\linkResolver.cpp, line 759]

VM Operations (10 events):
Event: 0.172 Executing VM operation: HandshakeAllThreads
Event: 0.172 Executing VM operation: HandshakeAllThreads done
Event: 0.253 Executing VM operation: HandshakeAllThreads
Event: 0.253 Executing VM operation: HandshakeAllThreads done
Event: 0.267 Executing VM operation: HandshakeAllThreads
Event: 0.267 Executing VM operation: HandshakeAllThreads done
Event: 0.356 Executing VM operation: HandshakeAllThreads
Event: 0.356 Executing VM operation: HandshakeAllThreads done
Event: 0.391 Executing VM operation: HandshakeAllThreads
Event: 0.391 Executing VM operation: HandshakeAllThreads done

Events (20 events):
Event: 0.400 loading class java/lang/WeakPairMap$Pair$Weak$1
Event: 0.400 loading class java/lang/WeakPairMap$Pair$Weak$1 done
Event: 0.401 loading class java/lang/reflect/ProxyGenerator
Event: 0.401 loading class java/lang/reflect/ProxyGenerator done
Event: 0.401 loading class java/lang/reflect/ProxyGenerator$ProxyMethod
Event: 0.401 loading class java/lang/reflect/ProxyGenerator$ProxyMethod done
Event: 0.402 loading class java/lang/reflect/ProxyGenerator$PrimitiveTypeInfo
Event: 0.403 loading class java/lang/reflect/ProxyGenerator$PrimitiveTypeInfo done
Event: 0.403 loading class jdk/internal/org/objectweb/asm/Edge
Event: 0.403 loading class jdk/internal/org/objectweb/asm/Edge done
Event: 0.404 loading class java/lang/reflect/Proxy$ProxyBuilder$1
Event: 0.404 loading class java/lang/reflect/Proxy$ProxyBuilder$1 done
Event: 0.412 loading class java/lang/annotation/Repeatable
Event: 0.412 loading class java/lang/annotation/Repeatable done
Event: 0.417 loading class java/lang/reflect/UndeclaredThrowableException
Event: 0.417 loading class java/lang/reflect/UndeclaredThrowableException done
Event: 0.417 loading class java/lang/IllegalAccessException
Event: 0.417 loading class java/lang/IllegalAccessException done
Event: 0.422 loading class java/lang/Class$AnnotationData
Event: 0.422 loading class java/lang/Class$AnnotationData done


Dynamic libraries:
0x00007ff7ff610000 - 0x00007ff7ff620000 	C:\Program Files\Java\jdk-17\bin\java.exe
0x00007ffae6730000 - 0x00007ffae6944000 	C:\WINDOWS\SYSTEM32\ntdll.dll
0x00007ffae4bc0000 - 0x00007ffae4c84000 	C:\WINDOWS\System32\KERNEL32.DLL
0x00007ffae3c30000 - 0x00007ffae3fd4000 	C:\WINDOWS\System32\KERNELBASE.dll
0x00007ffae4080000 - 0x00007ffae4191000 	C:\WINDOWS\System32\ucrtbase.dll
0x00007ffade030000 - 0x00007ffade04b000 	C:\Program Files\Java\jdk-17\bin\VCRUNTIME140.dll
0x00007ffade010000 - 0x00007ffade029000 	C:\Program Files\Java\jdk-17\bin\jli.dll
0x00007ffae4ca0000 - 0x00007ffae4d50000 	C:\WINDOWS\System32\ADVAPI32.dll
0x00007ffae46d0000 - 0x00007ffae4777000 	C:\WINDOWS\System32\msvcrt.dll
0x00007ffae4b10000 - 0x00007ffae4bb6000 	C:\WINDOWS\System32\sechost.dll
0x00007ffae44f0000 - 0x00007ffae4607000 	C:\WINDOWS\System32\RPCRT4.dll
0x00007ffae4d50000 - 0x00007ffae4efa000 	C:\WINDOWS\System32\USER32.dll
0x00007ffad15b0000 - 0x00007ffad183f000 	C:\WINDOWS\WinSxS\amd64_microsoft.windows.common-controls_6595b64144ccf1df_6.0.22621.2070_none_2713e6537381f706\COMCTL32.dll
0x00007ffae4050000 - 0x00007ffae4076000 	C:\WINDOWS\System32\win32u.dll
0x00007ffae59a0000 - 0x00007ffae59c9000 	C:\WINDOWS\System32\GDI32.dll
0x00007ffae3b10000 - 0x00007ffae3c29000 	C:\WINDOWS\System32\gdi32full.dll
0x00007ffae43d0000 - 0x00007ffae446a000 	C:\WINDOWS\System32\msvcp_win.dll
0x00007ffad1f50000 - 0x00007ffad1f5a000 	C:\WINDOWS\SYSTEM32\VERSION.dll
0x00007ffae5950000 - 0x00007ffae5981000 	C:\WINDOWS\System32\IMM32.DLL
0x00007ffade070000 - 0x00007ffade07c000 	C:\Program Files\Java\jdk-17\bin\vcruntime140_1.dll
0x00007ffacde10000 - 0x00007ffacde9e000 	C:\Program Files\Java\jdk-17\bin\msvcp140.dll
0x00007ffa93d50000 - 0x00007ffa9492e000 	C:\Program Files\Java\jdk-17\bin\server\jvm.dll
0x00007ffae5c10000 - 0x00007ffae5c18000 	C:\WINDOWS\System32\PSAPI.DLL
0x00007ffad87a0000 - 0x00007ffad87d4000 	C:\WINDOWS\SYSTEM32\WINMM.dll
0x00007ffac01d0000 - 0x00007ffac01d9000 	C:\WINDOWS\SYSTEM32\WSOCK32.dll
0x00007ffae4610000 - 0x00007ffae4681000 	C:\WINDOWS\System32\WS2_32.dll
0x00007ffae2c40000 - 0x00007ffae2c58000 	C:\WINDOWS\SYSTEM32\kernel.appcore.dll
0x00007ffaddfe0000 - 0x00007ffaddfea000 	C:\Program Files\Java\jdk-17\bin\jimage.dll
0x00007ffae0ef0000 - 0x00007ffae111e000 	C:\WINDOWS\SYSTEM32\DBGHELP.DLL
0x00007ffae4780000 - 0x00007ffae4b0a000 	C:\WINDOWS\System32\combase.dll
0x00007ffae4f00000 - 0x00007ffae4fd7000 	C:\WINDOWS\System32\OLEAUT32.dll
0x00007ffacfe50000 - 0x00007ffacfe82000 	C:\WINDOWS\SYSTEM32\dbgcore.DLL
0x00007ffae4470000 - 0x00007ffae44ea000 	C:\WINDOWS\System32\bcryptPrimitives.dll
0x00007ffadb130000 - 0x00007ffadb13e000 	C:\Program Files\Java\jdk-17\bin\instrument.dll
0x00007ffaddfb0000 - 0x00007ffaddfd5000 	C:\Program Files\Java\jdk-17\bin\java.dll
0x00007ffac03b0000 - 0x00007ffac0487000 	C:\Program Files\Java\jdk-17\bin\jsvml.dll
0x00007ffae5c20000 - 0x00007ffae6436000 	C:\WINDOWS\System32\SHELL32.dll
0x00007ffae1af0000 - 0x00007ffae23da000 	C:\WINDOWS\SYSTEM32\windows.storage.dll
0x00007ffae19b0000 - 0x00007ffae1aee000 	C:\WINDOWS\SYSTEM32\wintypes.dll
0x00007ffae64f0000 - 0x00007ffae65e3000 	C:\WINDOWS\System32\SHCORE.dll
0x00007ffae59d0000 - 0x00007ffae5a2e000 	C:\WINDOWS\System32\shlwapi.dll
0x00007ffae3a40000 - 0x00007ffae3a66000 	C:\WINDOWS\SYSTEM32\profapi.dll
0x00007ffacf180000 - 0x00007ffacf198000 	C:\Program Files\Java\jdk-17\bin\zip.dll
0x00007ffadabb0000 - 0x00007ffadabc9000 	C:\Program Files\Java\jdk-17\bin\net.dll
0x00007ffad8aa0000 - 0x00007ffad8bd7000 	C:\WINDOWS\SYSTEM32\WINHTTP.dll
0x00007ffae30c0000 - 0x00007ffae3129000 	C:\WINDOWS\system32\mswsock.dll
0x00007ffad9fc0000 - 0x00007ffad9fd6000 	C:\Program Files\Java\jdk-17\bin\nio.dll
0x00007fface8d0000 - 0x00007fface8ea000 	C:\Program Files\JetBrains\IntelliJ IDEA Community Edition 2021.3.3\bin\breakgen64.dll

dbghelp: loaded successfully - version: 4.0.5 - missing functions: none
symbol engine: initialized successfully - sym options: 0x614 - pdb path: .;C:\Program Files\Java\jdk-17\bin;C:\WINDOWS\SYSTEM32;C:\WINDOWS\WinSxS\amd64_microsoft.windows.common-controls_6595b64144ccf1df_6.0.22621.2070_none_2713e6537381f706;C:\Program Files\Java\jdk-17\bin\server;C:\Program Files\JetBrains\IntelliJ IDEA Community Edition 2021.3.3\bin

VM Arguments:
jvm_args: -ea -Didea.test.cyclic.buffer.size=1048576 -javaagent:C:\Program Files\JetBrains\IntelliJ IDEA Community Edition 2021.3.3\lib\idea_rt.jar=57846:C:\Program Files\JetBrains\IntelliJ IDEA Community Edition 2021.3.3\bin -Dfile.encoding=UTF-8 
java_command: com.intellij.rt.junit.JUnitStarter -ideVersion5 -junit5 com.SupermarketPOS.Backend.BackendApplicationTests,contextLoads
java_class_path (initial): C:\Users\asus\.m2\repository\org\junit\platform\junit-platform-launcher\1.9.3\junit-platform-launcher-1.9.3.jar;C:\Program Files\JetBrains\IntelliJ IDEA Community Edition 2021.3.3\lib\idea_rt.jar;C:\Program Files\JetBrains\IntelliJ IDEA Community Edition 2021.3.3\plugins\junit\lib\junit5-rt.jar;C:\Program Files\JetBrains\IntelliJ IDEA Community Edition 2021.3.3\plugins\junit\lib\junit-rt.jar;D:\Campus\semester 05\SEP\Project\Supermarket-POS-Backend\target\test-classes;D:\Campus\semester 05\SEP\Project\Supermarket-POS-Backend\target\classes;C:\Users\asus\.m2\repository\org\springframework\boot\spring-boot-starter-data-jpa\3.1.3\spring-boot-starter-data-jpa-3.1.3.jar;C:\Users\asus\.m2\repository\org\springframework\boot\spring-boot-starter-aop\3.1.3\spring-boot-starter-aop-3.1.3.jar;C:\Users\asus\.m2\repository\org\aspectj\aspectjweaver\1.9.20\aspectjweaver-1.9.20.jar;C:\Users\asus\.m2\repository\org\springframework\boot\spring-boot-starter-jdbc\3.1.3\spring-boot-starter-jdbc-3.1.3.jar;C:\Users\asus\.m2\repository\com\zaxxer\HikariCP\5.0.1\HikariCP-5.0.1.jar;C:\Users\asus\.m2\repository\org\springframework\spring-jdbc\6.0.11\spring-jdbc-6.0.11.jar;C:\Users\asus\.m2\repository\org\hibernate\orm\hibernate-core\6.2.7.Final\hibernate-core-6.2.7.Final.jar;C:\Users\asus\.m2\repository\jakarta\persistence\jakarta.persistence-api\3.1.0\jakarta.persistence-api-3.1.0.jar;C:\Users\asus\.m2\repository\jakarta\transaction\jakarta.transaction-api\2.0.1\jakarta.transaction-api-2.0.1.jar;C:\Users\asus\.m2\repository\org\jboss\logging\jboss-logging\3.5.3.Final\jboss-logging-3.5.3.Final.jar;C:\Users\asus\.m2\repository\org\hibernate\common\hibernate-commons-annotations\6.0.6.Final\hibernate-commons-annotations-6.0.6.Final.jar;C:\Users\asus\.m2\repository\io\smallrye\jandex\3.0.5\jandex-3.0.5.jar;C:\Users\asus\.m2\repository\com\fasterxml\classmate\1.5.1\classmate-1.5.1.jar;C:\Users\asus\.m2\repository\net\bytebuddy\byte-buddy\1.14.6\byte-buddy-1.14.6.jar;C:
Launcher Type: SUN_STANDARD

[Global flags]
     intx CICompilerCount                          = 4                                         {product} {ergonomic}
     uint ConcGCThreads                            = 2                                         {product} {ergonomic}
     uint G1ConcRefinementThreads                  = 8                                         {product} {ergonomic}
   size_t G1HeapRegionSize                         = 2097152                                   {product} {ergonomic}
    uintx GCDrainStackTargetSize                   = 64                                        {product} {ergonomic}
   size_t InitialHeapSize                          = 264241152                                 {product} {ergonomic}
   size_t MarkStackSize                            = 4194304                                   {product} {ergonomic}
   size_t MaxHeapSize                              = 4215275520                                {product} {ergonomic}
   size_t MaxNewSize                               = 2529165312                                {product} {ergonomic}
   size_t MinHeapDeltaBytes                        = 2097152                                   {product} {ergonomic}
   size_t MinHeapSize                              = 8388608                                   {product} {ergonomic}
    uintx NonNMethodCodeHeapSize                   = 5839372                                {pd product} {ergonomic}
    uintx NonProfiledCodeHeapSize                  = 122909434                              {pd product} {ergonomic}
    uintx ProfiledCodeHeapSize                     = 122909434                              {pd product} {ergonomic}
    uintx ReservedCodeCacheSize                    = 251658240                              {pd product} {ergonomic}
     bool SegmentedCodeCache                       = true                                      {product} {ergonomic}
   size_t SoftMaxHeapSize                          = 4215275520                             {manageable} {ergonomic}
     bool UseCompressedClassPointers               = true                           {product lp64_product} {ergonomic}
     bool UseCompressedOops                        = true                           {product lp64_product} {ergonomic}
     bool UseG1GC                                  = true                                      {product} {ergonomic}
     bool UseLargePagesIndividualAllocation        = false                                  {pd product} {ergonomic}

Logging:
Log output configuration:
 #0: stdout all=warning uptime,level,tags
 #1: stderr all=off uptime,level,tags

Environment Variables:
JAVA_HOME=C:\Program Files\Java\jdk-17
PATH=C:\Python311\Scripts\;C:\Python311\;C:\Program Files\Common Files\Oracle\Java\javapath;C:\Windows\system32;C:\Windows;C:\Windows\System32\Wbem;C:\Windows\System32\WindowsPowerShell\v1.0\;C:\Windows\System32\OpenSSH\;C:\Program Files (x86)\NVIDIA Corporation\PhysX\Common;C:\WINDOWS\system32;C:\WINDOWS;C:\WINDOWS\System32\Wbem;C:\WINDOWS\System32\WindowsPowerShell\v1.0\;C:\WINDOWS\System32\OpenSSH\;D:\New folder\runtime\win64;D:\New folder\bin;D:\New folder\polyspace\bin;C:\MinGW\bin;C:\ProgramData\chocolatey\bin;C:\Program Files\Git\cmd;C:\apache-maven-3.8.6\bin;C:\Program Files\MySQL\MySQL Server 8.0\bin;C:\Program Files\Java\jdk-17\bin;C:\Program Files (x86)\Microsoft SQL Server\100\Tools\Binn\VSShell\Common7\IDE\;C:\Program Files (x86)\Microsoft SQL Server\100\Tools\Binn\;C:\Program Files\Microsoft SQL Server\100\Tools\Binn\;C:\Program Files (x86)\Microsoft SQL Server\100\DTS\Binn\;C:\Program Files\nodejs\;C:\Python311\new\Scripts;C:\Python311\new;D:\image processing\cv;D:\image processing\cv\Scripts;C:\Program Files\MySQL\MySQL Shell 8.0\bin\;C:\Users\asus\AppData\Local\Programs\Python\Python36\Scripts\;C:\Users\asus\AppData\Local\Programs\Python\Python36\;C:\Users\asus\AppData\Local\Microsoft\WindowsApps;C:\Program Files\JetBrains\PyCharm Community Edition 2021.2\bin;;C:\Users\asus\AppData\Local\Programs\Microsoft VS Code\bin;C:\mingw32\bin;C:\Python311;C:\Program Files\Java\jdk-17\bin;C:\Users\asus\AppData\Roaming\npm
USERNAME=asus
OS=Windows_NT
PROCESSOR_IDENTIFIER=Intel64 Family 6 Model 140 Stepping 1, GenuineIntel



---------------  S Y S T E M  ---------------

OS:
 Windows 11 , 64 bit Build 22621 (10.0.22621.2070)
OS uptime: 1 days 0:35 hours

CPU: total 8 (initial active 8) (4 cores per cpu, 2 threads per core) family 6 model 140 stepping 1 microcode 0x86, cx8, cmov, fxsr, ht, mmx, 3dnowpref, sse, sse2, sse3, ssse3, sse4.1, sse4.2, popcnt, lzcnt, tsc, tscinvbit, avx, avx2, aes, erms, clmul, bmi1, bmi2, adx, avx512f, avx512dq, avx512cd, avx512bw, avx512vl, sha, fma, vzeroupper, avx512_vpopcntdq, avx512_vpclmulqdq, avx512_vaes, avx512_vnni, clflush, clflushopt, clwb, avx512_vbmi2, avx512_vbmi

Memory: 4k page, system-wide physical 16075M (4238M free)
TotalPageFile size 19792M (AvailPageFile size 2M)
current process WorkingSet (physical memory assigned to process): 63M, peak: 64M
current process commit charge ("private bytes"): 354M, peak: 355M

vm_info: Java HotSpot(TM) 64-Bit Server VM (17.0.8+9-LTS-211) for windows-amd64 JRE (17.0.8+9-LTS-211), built on Jun 14 2023 10:34:31 by "mach5one" with MS VC++ 17.1 (VS2022)

END.
